окт. 22, 2023 6:09:45 PM org.l2jmobius.gameserver.data.xml.SpawnData lambda$parseDocument$2
WARNING: SpawnData: Error while processing spawn in file: C:\l2serv\сборки\компилы\L2J_Mobius_11.1_TheSourceOfFlame\game\data\spawns\old\17_20.xml
java.lang.IllegalStateException: Incorrect time format given: 60
	at org.l2jmobius.commons.util.TimeUtil.parseDuration(TimeUtil.java:58)
	at org.l2jmobius.gameserver.model.StatSet.getDuration(StatSet.java:702)
	at org.l2jmobius.gameserver.model.spawns.NpcSpawnTemplate.<init>(NpcSpawnTemplate.java:96)
	at org.l2jmobius.gameserver.data.xml.SpawnData.parseNpc(SpawnData.java:348)
	at org.l2jmobius.gameserver.data.xml.SpawnData.lambda$parseGroup$7(SpawnData.java:333)
	at org.l2jmobius.commons.util.IXmlReader.forEach(IXmlReader.java:769)
	at org.l2jmobius.gameserver.data.xml.SpawnData.parseGroup(SpawnData.java:322)
	at org.l2jmobius.gameserver.data.xml.SpawnData.parseSpawn(SpawnData.java:230)
	at org.l2jmobius.gameserver.data.xml.SpawnData.lambda$parseDocument$2(SpawnData.java:81)
	at org.l2jmobius.commons.util.IXmlReader.forEach(IXmlReader.java:769)
	at org.l2jmobius.commons.util.IXmlReader.forEach(IXmlReader.java:752)
	at org.l2jmobius.gameserver.data.xml.SpawnData.lambda$parseDocument$3(SpawnData.java:77)
	at org.l2jmobius.commons.util.IXmlReader.forEach(IXmlReader.java:769)
	at org.l2jmobius.commons.util.IXmlReader.forEach(IXmlReader.java:752)
	at org.l2jmobius.gameserver.data.xml.SpawnData.parseDocument(SpawnData.java:77)
	at org.l2jmobius.commons.util.IXmlReader.parseFile(IXmlReader.java:102)
	at org.l2jmobius.commons.util.IXmlReader.parseDirectory(IXmlReader.java:204)
	at org.l2jmobius.commons.util.IXmlReader.parseDirectory(IXmlReader.java:200)
	at org.l2jmobius.commons.util.IXmlReader.parseDatapackDirectory(IXmlReader.java:150)
	at org.l2jmobius.gameserver.data.xml.SpawnData.load(SpawnData.java:70)
	at org.l2jmobius.gameserver.data.xml.SpawnData.<init>(SpawnData.java:64)
	at org.l2jmobius.gameserver.data.xml.SpawnData$SingletonHolder.<clinit>(SpawnData.java:435)
	at org.l2jmobius.gameserver.data.xml.SpawnData.getInstance(SpawnData.java:430)
	at org.l2jmobius.gameserver.GameServer.<init>(GameServer.java:347)
	at org.l2jmobius.gameserver.GameServer.main(GameServer.java:536)

окт. 22, 2023 6:09:45 PM org.l2jmobius.commons.util.IXmlReader parseFile
WARNING: Could not parse file: EpilogueSpawns.xml at line: 2, column: 126 :
org.xml.sax.SAXParseException; systemId: file:/C:/l2serv/%D1%81%D0%B1%D0%BE%D1%80%D0%BA%D0%B8/%D0%BA%D0%BE%D0%BC%D0%BF%D0%B8%D0%BB%D1%8B/L2J_Mobius_11.1_TheSourceOfFlame/game/data/spawns/old/EpilogueSpawns.xml; lineNumber: 2; columnNumber: 126; schema_reference.4: Failed to read schema document 'file:/C:/l2serv/%D1%81%D0%B1%D0%BE%D1%80%D0%BA%D0%B8/%D0%BA%D0%BE%D0%BC%D0%BF%D0%B8%D0%BB%D1%8B/L2J_Mobius_11.1_TheSourceOfFlame/game/data/spawns/xsd/spawns.xsd', because 1) could not find the document; 2) the document could not be read; 3) the root element of the document is not <xsd:schema>.
	at java.xml/com.sun.org.apache.xerces.internal.util.ErrorHandlerWrapper.createSAXParseException(ErrorHandlerWrapper.java:204)
	at java.xml/com.sun.org.apache.xerces.internal.util.ErrorHandlerWrapper.warning(ErrorHandlerWrapper.java:100)
	at java.xml/com.sun.org.apache.xerces.internal.impl.XMLErrorReporter.reportError(XMLErrorReporter.java:392)
	at java.xml/com.sun.org.apache.xerces.internal.impl.XMLErrorReporter.reportError(XMLErrorReporter.java:306)
	at java.xml/com.sun.org.apache.xerces.internal.impl.xs.traversers.XSDHandler.reportSchemaErr(XSDHandler.java:4258)
	at java.xml/com.sun.org.apache.xerces.internal.impl.xs.traversers.XSDHandler.reportSchemaWarning(XSDHandler.java:4249)
	at java.xml/com.sun.org.apache.xerces.internal.impl.xs.traversers.XSDHandler.getSchemaDocument1(XSDHandler.java:2543)
	at java.xml/com.sun.org.apache.xerces.internal.impl.xs.traversers.XSDHandler.getSchemaDocument(XSDHandler.java:2239)
	at java.xml/com.sun.org.apache.xerces.internal.impl.xs.traversers.XSDHandler.parseSchema(XSDHandler.java:589)
	at java.xml/com.sun.org.apache.xerces.internal.impl.xs.XMLSchemaLoader.loadSchema(XMLSchemaLoader.java:618)
	at java.xml/com.sun.org.apache.xerces.internal.impl.xs.XMLSchemaValidator.findSchemaGrammar(XMLSchemaValidator.java:2711)
	at java.xml/com.sun.org.apache.xerces.internal.impl.xs.XMLSchemaValidator.handleStartElement(XMLSchemaValidator.java:2070)
	at java.xml/com.sun.org.apache.xerces.internal.impl.xs.XMLSchemaValidator.startElement(XMLSchemaValidator.java:830)
	at java.xml/com.sun.org.apache.xerces.internal.impl.XMLNSDocumentScannerImpl.scanStartElement(XMLNSDocumentScannerImpl.java:376)
	at java.xml/com.sun.org.apache.xerces.internal.impl.XMLNSDocumentScannerImpl$NSContentDriver.scanRootElementHook(XMLNSDocumentScannerImpl.java:615)
	at java.xml/com.sun.org.apache.xerces.internal.impl.XMLDocumentFragmentScannerImpl$FragmentContentDriver.next(XMLDocumentFragmentScannerImpl.java:3079)
	at java.xml/com.sun.org.apache.xerces.internal.impl.XMLDocumentScannerImpl$PrologDriver.next(XMLDocumentScannerImpl.java:836)
	at java.xml/com.sun.org.apache.xerces.internal.impl.XMLDocumentScannerImpl.next(XMLDocumentScannerImpl.java:605)
	at java.xml/com.sun.org.apache.xerces.internal.impl.XMLNSDocumentScannerImpl.next(XMLNSDocumentScannerImpl.java:114)
	at java.xml/com.sun.org.apache.xerces.internal.impl.XMLDocumentFragmentScannerImpl.scanDocument(XMLDocumentFragmentScannerImpl.java:542)
	at java.xml/com.sun.org.apache.xerces.internal.parsers.XML11Configuration.parse(XML11Configuration.java:889)
	at java.xml/com.sun.org.apache.xerces.internal.parsers.XML11Configuration.parse(XML11Configuration.java:825)
	at java.xml/com.sun.org.apache.xerces.internal.parsers.XMLParser.parse(XMLParser.java:141)
	at java.xml/com.sun.org.apache.xerces.internal.parsers.DOMParser.parse(DOMParser.java:247)
	at java.xml/com.sun.org.apache.xerces.internal.jaxp.DocumentBuilderImpl.parse(DocumentBuilderImpl.java:342)
	at java.xml/javax.xml.parsers.DocumentBuilder.parse(DocumentBuilder.java:206)
	at org.l2jmobius.commons.util.IXmlReader.parseFile(IXmlReader.java:102)
	at org.l2jmobius.commons.util.IXmlReader.parseDirectory(IXmlReader.java:204)
	at org.l2jmobius.commons.util.IXmlReader.parseDirectory(IXmlReader.java:200)
	at org.l2jmobius.commons.util.IXmlReader.parseDatapackDirectory(IXmlReader.java:150)
	at org.l2jmobius.gameserver.data.xml.SpawnData.load(SpawnData.java:70)
	at org.l2jmobius.gameserver.data.xml.SpawnData.<init>(SpawnData.java:64)
	at org.l2jmobius.gameserver.data.xml.SpawnData$SingletonHolder.<clinit>(SpawnData.java:435)
	at org.l2jmobius.gameserver.data.xml.SpawnData.getInstance(SpawnData.java:430)
	at org.l2jmobius.gameserver.GameServer.<init>(GameServer.java:347)
	at org.l2jmobius.gameserver.GameServer.main(GameServer.java:536)
Caused by: java.io.FileNotFoundException: C:\l2serv\сборки\компилы\L2J_Mobius_11.1_TheSourceOfFlame\game\data\spawns\xsd\spawns.xsd (Системе не удается найти указанный путь)
	at java.base/java.io.FileInputStream.open0(Native Method)
	at java.base/java.io.FileInputStream.open(FileInputStream.java:213)
	at java.base/java.io.FileInputStream.<init>(FileInputStream.java:152)
	at java.base/java.io.FileInputStream.<init>(FileInputStream.java:106)
	at java.base/sun.net.www.protocol.file.FileURLConnection.connect(FileURLConnection.java:84)
	at java.base/sun.net.www.protocol.file.FileURLConnection.getInputStream(FileURLConnection.java:180)
	at java.xml/com.sun.org.apache.xerces.internal.impl.XMLEntityManager.setupCurrentEntity(XMLEntityManager.java:654)
	at java.xml/com.sun.org.apache.xerces.internal.impl.XMLVersionDetector.determineDocVersion(XMLVersionDetector.java:150)
	at java.xml/com.sun.org.apache.xerces.internal.impl.xs.opti.SchemaParsingConfig.parse(SchemaParsingConfig.java:593)
	at java.xml/com.sun.org.apache.xerces.internal.impl.xs.opti.SchemaParsingConfig.parse(SchemaParsingConfig.java:696)
	at java.xml/com.sun.org.apache.xerces.internal.impl.xs.opti.SchemaDOMParser.parse(SchemaDOMParser.java:530)
	at java.xml/com.sun.org.apache.xerces.internal.impl.xs.traversers.XSDHandler.getSchemaDocument(XSDHandler.java:2227)
	... 28 more

