окт. 25, 2023 2:31:54 PM org.l2jmobius.gameserver.data.xml.SpawnData lambda$parseDocument$2
WARNING: SpawnData: Error while processing spawn in file: C:\l2serv\сборки\компилы\L2J_Mobius_11.1_TheSourceOfFlame\game\data\spawns\old\17_20.xml
java.lang.IllegalStateException: Incorrect time format given: 60
	at org.l2jmobius.commons.util.TimeUtil.parseDuration(TimeUtil.java:58)
	at org.l2jmobius.gameserver.model.StatSet.getDuration(StatSet.java:702)
	at org.l2jmobius.gameserver.model.spawns.NpcSpawnTemplate.<init>(NpcSpawnTemplate.java:96)
	at org.l2jmobius.gameserver.data.xml.SpawnData.parseNpc(SpawnData.java:348)
	at org.l2jmobius.gameserver.data.xml.SpawnData.lambda$parseGroup$7(SpawnData.java:333)
	at org.l2jmobius.commons.util.IXmlReader.forEach(IXmlReader.java:769)
	at org.l2jmobius.gameserver.data.xml.SpawnData.parseGroup(SpawnData.java:322)
	at org.l2jmobius.gameserver.data.xml.SpawnData.parseSpawn(SpawnData.java:230)
	at org.l2jmobius.gameserver.data.xml.SpawnData.lambda$parseDocument$2(SpawnData.java:81)
	at org.l2jmobius.commons.util.IXmlReader.forEach(IXmlReader.java:769)
	at org.l2jmobius.commons.util.IXmlReader.forEach(IXmlReader.java:752)
	at org.l2jmobius.gameserver.data.xml.SpawnData.lambda$parseDocument$3(SpawnData.java:77)
	at org.l2jmobius.commons.util.IXmlReader.forEach(IXmlReader.java:769)
	at org.l2jmobius.commons.util.IXmlReader.forEach(IXmlReader.java:752)
	at org.l2jmobius.gameserver.data.xml.SpawnData.parseDocument(SpawnData.java:77)
	at org.l2jmobius.commons.util.IXmlReader.parseFile(IXmlReader.java:102)
	at org.l2jmobius.commons.util.IXmlReader.parseDirectory(IXmlReader.java:204)
	at org.l2jmobius.commons.util.IXmlReader.parseDirectory(IXmlReader.java:200)
	at org.l2jmobius.commons.util.IXmlReader.parseDatapackDirectory(IXmlReader.java:150)
	at org.l2jmobius.gameserver.data.xml.SpawnData.load(SpawnData.java:70)
	at org.l2jmobius.gameserver.data.xml.SpawnData.<init>(SpawnData.java:64)
	at org.l2jmobius.gameserver.data.xml.SpawnData$SingletonHolder.<clinit>(SpawnData.java:435)
	at org.l2jmobius.gameserver.data.xml.SpawnData.getInstance(SpawnData.java:430)
	at org.l2jmobius.gameserver.GameServer.<init>(GameServer.java:347)
	at org.l2jmobius.gameserver.GameServer.main(GameServer.java:536)

