2023.10.20 21:05:14,174	INFO	1	org.l2jmobius.commons.util.IXmlReader	Network Config: ipconfig.xml doesn't exists using automatic configuration...
2023.10.20 21:05:14,490	INFO	1	org.l2jmobius.commons.util.IXmlReader	Network Config: Adding new subnet: 127.0.0.0/8 address: 127.0.0.1
2023.10.20 21:05:14,492	INFO	1	org.l2jmobius.commons.util.IXmlReader	Network Config: Adding new subnet: 192.168.1.0/24 address: 192.168.1.98
2023.10.20 21:05:14,492	INFO	1	org.l2jmobius.commons.util.IXmlReader	Network Config: Adding new subnet: 0.0.0.0/0 address: 176.114.228.91
2023.10.20 21:05:14,563	INFO	1	org.l2jmobius.Config	Loaded 6 Filter Words.
2023.10.20 21:05:14,582	INFO	1	org.l2jmobius.gameserver.GameServer	------------------------------------------------=[ Database ]
2023.10.20 21:05:14,788	INFO	1	org.l2jmobius.commons.database.DatabaseFactory	Database: Initialized.
2023.10.20 21:05:14,788	INFO	1	org.l2jmobius.gameserver.GameServer	----------------------------------------------=[ ThreadPool ]
2023.10.20 21:05:14,790	INFO	1	org.l2jmobius.commons.threads.ThreadPool	ThreadPool: Initialized
2023.10.20 21:05:14,822	INFO	1	org.l2jmobius.commons.threads.ThreadPool	...scheduled pool executor with 64 total threads.
2023.10.20 21:05:14,822	INFO	1	org.l2jmobius.commons.threads.ThreadPool	...instant pool executor with 32 total threads.
2023.10.20 21:05:14,823	INFO	1	org.l2jmobius.gameserver.GameServer	-----------------------------------------------=[ IdManager ]
2023.10.20 21:05:14,825	INFO	1	org.l2jmobius.gameserver.instancemanager.IdManager	Updated characters online status.
2023.10.20 21:05:14,835	INFO	1	org.l2jmobius.gameserver.instancemanager.IdManager	IdManager: Cleaned 0 elements from database in 0 seconds.
2023.10.20 21:05:14,838	INFO	1	org.l2jmobius.gameserver.instancemanager.IdManager	IdManager: Cleaned 0 expired timestamps from database.
2023.10.20 21:05:14,840	INFO	1	org.l2jmobius.gameserver.instancemanager.IdManager	IdManager: 102912 id's available.
2023.10.20 21:05:14,840	INFO	1	org.l2jmobius.gameserver.GameServer	----------------------------------------=[ Scripting Engine ]
2023.10.20 21:05:14,847	INFO	37	org.l2jmobius.gameserver.model.World	World: (288 by 272) World Region Grid set up.
2023.10.20 21:05:14,964	INFO	1	org.l2jmobius.gameserver.scripting.ScriptEngineManager	Loaded 848 files to exclude.
2023.10.20 21:05:14,965	INFO	1	org.l2jmobius.gameserver.GameServer	---------------------------------------------------=[ World ]
2023.10.20 21:05:15,091	INFO	1	org.l2jmobius.gameserver.instancemanager.MapRegionManager	MapRegionManager: Loaded 61 map regions.
2023.10.20 21:05:15,094	INFO	1	org.l2jmobius.gameserver.instancemanager.ZoneManager	ZoneManager 19 by 18 Zone Region Grid set up.
2023.10.20 21:05:15,478	INFO	1	org.l2jmobius.gameserver.instancemanager.ZoneManager	ZoneManager: Loaded 35 zone classes and 2998 zones.
2023.10.20 21:05:15,481	INFO	1	org.l2jmobius.gameserver.instancemanager.ZoneManager	ZoneManager: Last static id 210110.
2023.10.20 21:05:15,712	INFO	1	org.l2jmobius.gameserver.data.xml.DoorData	DoorData: Loaded 1474 doors.
2023.10.20 21:05:15,719	INFO	1	FenceData	FenceData: Loaded 1 fences.
2023.10.20 21:05:15,726	INFO	1	org.l2jmobius.gameserver.instancemanager.GlobalVariablesManager	GlobalVariablesManager: Loaded 8 variables.
2023.10.20 21:05:15,726	INFO	1	org.l2jmobius.gameserver.GameServer	----------------------------------------------------=[ Data ]
2023.10.20 21:05:15,734	INFO	1	org.l2jmobius.gameserver.data.xml.ActionData	ActionData: Loaded 235 player actions.
2023.10.20 21:05:15,784	INFO	1	org.l2jmobius.gameserver.data.xml.CategoryData	CategoryData: Loaded 216 categories.
2023.10.20 21:05:15,791	INFO	1	org.l2jmobius.gameserver.data.xml.SecondaryAuthData	SecondaryAuthData: Loaded 328 forbidden passwords.
2023.10.20 21:05:15,884	WARNING	1	org.l2jmobius.gameserver.data.ItemTable	Dir C:\l2serv\build\L2J_Mobius_11.1_TheSourceOfFlame\game\data\stats\items\custom does not exist.
2023.10.20 21:05:17,070	INFO	1	org.l2jmobius.gameserver.data.ItemTable	ItemTable: Highest item id used: 96959
2023.10.20 21:05:17,079	INFO	1	org.l2jmobius.gameserver.data.ItemTable	ItemTable: Loaded 24825 Etc Items
2023.10.20 21:05:17,079	INFO	1	org.l2jmobius.gameserver.data.ItemTable	ItemTable: Loaded 12811 Armor Items
2023.10.20 21:05:17,079	INFO	1	org.l2jmobius.gameserver.data.ItemTable	ItemTable: Loaded 9115 Weapon Items
2023.10.20 21:05:17,079	INFO	1	org.l2jmobius.gameserver.data.ItemTable	ItemTable: Loaded 46751 Items in total.
2023.10.20 21:05:17,094	INFO	1	org.l2jmobius.gameserver.data.xml.CombinationItemsData	CombinationItemsData: Loaded 4508 combinations.
2023.10.20 21:05:17,100	INFO	1	org.l2jmobius.gameserver.data.xml.SayuneData	SayuneData: Loaded 71 maps.
2023.10.20 21:05:18,014	INFO	1	handlers.DailyMissionMasterHandler	DailyMissionMasterHandler: Loaded 23 handlers.
2023.10.20 21:05:18,039	INFO	1	org.l2jmobius.gameserver.data.xml.DailyMissionData	DailyMissionData: Loaded 131 one day rewards.
2023.10.20 21:05:18,045	INFO	1	org.l2jmobius.gameserver.data.xml.DailyMissionDataConquest	DailyMissionDataConquest: Loaded 2 one day conquest rewards.
2023.10.20 21:05:18,045	INFO	1	org.l2jmobius.gameserver.GameServer	--------------------------------------------------=[ Skills ]
2023.10.20 21:05:20,773	INFO	1	handlers.EffectMasterHandler	EffectMasterHandler: Loaded 404 effect handlers.
2023.10.20 21:05:20,790	INFO	1	org.l2jmobius.gameserver.data.xml.EnchantSkillGroupsData	EnchantSkillGroupsData: Loaded 20 enchant routes, max enchant set to 20.
2023.10.20 21:05:26,392	WARNING	1	org.l2jmobius.gameserver.model.effects.AbstractEffect	DamageByAttack can only use DIFF mode.
2023.10.20 21:05:26,495	INFO	1	org.l2jmobius.gameserver.data.xml.SkillData	SkillData: Loaded 195476 Skills.
2023.10.20 21:05:26,914	INFO	1	org.l2jmobius.gameserver.data.xml.SkillTreeData	SkillTreeData: Loaded 22842 Class skills for 150 class skill trees.
2023.10.20 21:05:26,914	INFO	1	org.l2jmobius.gameserver.data.xml.SkillTreeData	SkillTreeData: Loaded 1 sub-class skills.
2023.10.20 21:05:26,915	INFO	1	org.l2jmobius.gameserver.data.xml.SkillTreeData	SkillTreeData: Loaded 33 dual-class skills.
2023.10.20 21:05:26,915	INFO	1	org.l2jmobius.gameserver.data.xml.SkillTreeData	SkillTreeData: Loaded 104 transfer skills for 3 transfer skill trees.
2023.10.20 21:05:26,935	INFO	1	org.l2jmobius.gameserver.data.xml.SkillTreeData	SkillTreeData: Loaded 18 race skills for 7 race skill trees.
2023.10.20 21:05:26,935	INFO	1	org.l2jmobius.gameserver.data.xml.SkillTreeData	SkillTreeData: Loaded 35 fishing skills, 8 Dwarven only fishing skills.
2023.10.20 21:05:26,935	INFO	1	org.l2jmobius.gameserver.data.xml.SkillTreeData	SkillTreeData: Loaded 3 collect skills.
2023.10.20 21:05:26,938	INFO	1	org.l2jmobius.gameserver.data.xml.SkillTreeData	SkillTreeData: Loaded 11 clan skills, 0 for clan and 11 residential.
2023.10.20 21:05:26,938	INFO	1	org.l2jmobius.gameserver.data.xml.SkillTreeData	SkillTreeData: Loaded 0 sub-pledge skills.
2023.10.20 21:05:26,938	INFO	1	org.l2jmobius.gameserver.data.xml.SkillTreeData	SkillTreeData: Loaded 32 transform skills.
2023.10.20 21:05:26,938	INFO	1	org.l2jmobius.gameserver.data.xml.SkillTreeData	SkillTreeData: Loaded 24 noble skills.
2023.10.20 21:05:26,939	INFO	1	org.l2jmobius.gameserver.data.xml.SkillTreeData	SkillTreeData: Loaded 4 hero skills.
2023.10.20 21:05:26,939	INFO	1	org.l2jmobius.gameserver.data.xml.SkillTreeData	SkillTreeData: Loaded 61 game master skills.
2023.10.20 21:05:26,939	INFO	1	org.l2jmobius.gameserver.data.xml.SkillTreeData	SkillTreeData: Loaded 61 game master aura skills.
2023.10.20 21:05:26,939	INFO	1	org.l2jmobius.gameserver.data.xml.SkillTreeData	SkillTreeData: Loaded 155 ability skills.
2023.10.20 21:05:26,939	INFO	1	org.l2jmobius.gameserver.data.xml.SkillTreeData	SkillTreeData: Loaded 113 alchemy skills.
2023.10.20 21:05:26,939	INFO	1	org.l2jmobius.gameserver.data.xml.SkillTreeData	SkillTreeData: Loaded 37 class awaken save skills.
2023.10.20 21:05:26,939	INFO	1	org.l2jmobius.gameserver.data.xml.SkillTreeData	SkillTreeData: Loaded 20 Revelation skills.
2023.10.20 21:05:26,940	INFO	1	org.l2jmobius.gameserver.data.xml.SkillTreeData	SkillTreeData: Loaded 35 common skills.
2023.10.20 21:05:26,950	INFO	1	org.l2jmobius.gameserver.data.xml.PetSkillData	PetSkillData: Loaded 1084 skills.
2023.10.20 21:05:26,950	INFO	1	org.l2jmobius.gameserver.GameServer	---------------------------------------------------=[ Items ]
2023.10.20 21:05:27,005	INFO	1	org.l2jmobius.gameserver.data.xml.EnchantItemGroupsData	EnchantItemGroupsData: Loaded 34 item group templates.
2023.10.20 21:05:27,005	INFO	1	org.l2jmobius.gameserver.data.xml.EnchantItemGroupsData	EnchantItemGroupsData: Loaded 5 scroll group templates.
2023.10.20 21:05:27,006	INFO	1	org.l2jmobius.gameserver.data.xml.EnchantItemGroupsData	EnchantItemGroupsData: Max weapon enchant is set to 30.
2023.10.20 21:05:27,006	INFO	1	org.l2jmobius.gameserver.data.xml.EnchantItemGroupsData	EnchantItemGroupsData: Max armor enchant is set to 30.
2023.10.20 21:05:27,006	INFO	1	org.l2jmobius.gameserver.data.xml.EnchantItemGroupsData	EnchantItemGroupsData: Max accessory enchant is set to 30.
2023.10.20 21:05:27,015	INFO	1	org.l2jmobius.gameserver.data.xml.EnchantItemData	EnchantItemData: Loaded 288 enchant scrolls.
2023.10.20 21:05:27,016	INFO	1	org.l2jmobius.gameserver.data.xml.EnchantItemData	EnchantItemData: Loaded 104 support items.
2023.10.20 21:05:27,676	INFO	1	org.l2jmobius.gameserver.data.xml.OptionData	OptionData: Loaded 38595 options.
2023.10.20 21:05:27,691	INFO	1	org.l2jmobius.gameserver.data.xml.EnchantItemOptionsData	EnchantItemOptionsData: Loaded 365 items and 4818 options.
2023.10.20 21:05:27,696	INFO	1	org.l2jmobius.commons.util.IXmlReader	ElementalAttributeData: Loaded 139 elemental attribute items.
2023.10.20 21:05:27,704	INFO	1	org.l2jmobius.gameserver.data.xml.ItemCrystallizationData	ItemCrystallizationData: Loaded 13 crystallization templates.
2023.10.20 21:05:27,704	INFO	1	org.l2jmobius.gameserver.data.xml.ItemCrystallizationData	ItemCrystallizationData: Loaded 338 pre-defined crystallizable items.
2023.10.20 21:05:27,717	INFO	1	org.l2jmobius.gameserver.data.xml.ItemCrystallizationData	ItemCrystallizationData: Generated 5989 crystallizable items from templates.
2023.10.20 21:05:27,750	INFO	1	VariationData	VariationData: Loaded 71 item groups.
2023.10.20 21:05:27,750	INFO	1	VariationData	VariationData: Loaded 51 variations.
2023.10.20 21:05:27,750	INFO	1	VariationData	VariationData: Loaded 2515 fees.
2023.10.20 21:05:27,768	INFO	1	org.l2jmobius.gameserver.data.xml.EnsoulData	EnsoulData: Loaded 148 fees.
2023.10.20 21:05:27,768	INFO	1	org.l2jmobius.gameserver.data.xml.EnsoulData	EnsoulData: Loaded 1289 options.
2023.10.20 21:05:27,768	INFO	1	org.l2jmobius.gameserver.data.xml.EnsoulData	EnsoulData: Loaded 145 stones.
2023.10.20 21:05:27,772	INFO	1	org.l2jmobius.gameserver.data.xml.EnchantItemHPBonusData	EnchantItemHPBonusData: Loaded 12 enchant HP bonuses.
2023.10.20 21:05:28,389	INFO	1	org.l2jmobius.gameserver.data.xml.BuyListData	BuyListData: Loaded 921 buyLists.
2023.10.20 21:05:28,956	INFO	1	org.l2jmobius.gameserver.data.xml.MultisellData	MultisellData: Loaded 596 multisell lists.
2023.10.20 21:05:28,984	INFO	1	org.l2jmobius.gameserver.data.xml.EquipmentUpgradeData	EquipmentUpgradeData: Loaded 6951 upgrade equipment data.
2023.10.20 21:05:29,003	INFO	1	org.l2jmobius.gameserver.data.xml.AgathionData	AgathionData: Loaded 435 agathion data.
2023.10.20 21:05:29,055	INFO	1	org.l2jmobius.gameserver.data.xml.RecipeData	RecipeData: Loaded 1780 recipes.
2023.10.20 21:05:29,084	INFO	1	org.l2jmobius.gameserver.data.xml.ArmorSetData	ArmorSetData: Loaded 370 armor sets.
2023.10.20 21:05:29,088	INFO	1	org.l2jmobius.gameserver.data.xml.FishingData	FishingData: Loaded 9 bait and 14 rod data.
2023.10.20 21:05:29,123	INFO	1	org.l2jmobius.gameserver.data.xml.HennaData	HennaData: Loaded 549 henna data.
2023.10.20 21:05:29,127	INFO	1	org.l2jmobius.gameserver.data.xml.PrimeShopData	PrimeShopData: System is disabled.
2023.10.20 21:05:29,130	INFO	1	org.l2jmobius.gameserver.data.xml.LimitShopData	LimitShopData: Loaded 66 items.
2023.10.20 21:05:29,134	INFO	1	org.l2jmobius.gameserver.data.xml.LimitShopData	LimitShopCraftData: Loaded 140 items.
2023.10.20 21:05:29,143	INFO	1	org.l2jmobius.gameserver.data.xml.CollectionData	CollectionData: Loaded 347 collections.
2023.10.20 21:05:29,162	INFO	1	org.l2jmobius.gameserver.data.xml.AppearanceItemData	AppearanceItemData: Loaded 1282 stones.
2023.10.20 21:05:29,168	INFO	1	org.l2jmobius.gameserver.data.xml.AlchemyData	AlchemyData: Loaded 114 alchemy craft skills.
2023.10.20 21:05:29,174	INFO	1	org.l2jmobius.gameserver.instancemanager.PrivateStoreHistoryManager	PrivateStoreHistoryManager: Loaded 0 items history.
2023.10.20 21:05:29,179	INFO	1	org.l2jmobius.commons.util.IXmlReader	LuckyGameData: Loaded 2 lucky game data.
2023.10.20 21:05:29,179	INFO	1	org.l2jmobius.gameserver.data.xml.AttendanceRewardData	AttendanceRewardData: Disabled.
2023.10.20 21:05:29,180	INFO	1	org.l2jmobius.gameserver.GameServer	----------------------------------------------=[ Characters ]
2023.10.20 21:05:29,183	INFO	1	org.l2jmobius.gameserver.data.xml.ClassListData	ClassListData: Loaded 158 class data.
2023.10.20 21:05:29,185	INFO	1	org.l2jmobius.gameserver.data.xml.InitialEquipmentData	InitialEquipmentData: Loaded 14 initial equipment data.
2023.10.20 21:05:29,189	INFO	1	org.l2jmobius.gameserver.data.xml.InitialShortcutData	InitialShortcutData: Loaded 5 initial global shortcuts data.
2023.10.20 21:05:29,189	INFO	1	org.l2jmobius.gameserver.data.xml.InitialShortcutData	InitialShortcutData: Loaded 5 initial shortcuts data.
2023.10.20 21:05:29,189	INFO	1	org.l2jmobius.gameserver.data.xml.InitialShortcutData	InitialShortcutData: Loaded 0 macro presets.
2023.10.20 21:05:29,192	INFO	1	org.l2jmobius.gameserver.data.xml.ExperienceData	ExperienceData: Loaded 131 levels.
2023.10.20 21:05:29,192	INFO	1	org.l2jmobius.gameserver.data.xml.ExperienceData	ExperienceData: Max Player Level is 130.
2023.10.20 21:05:29,192	INFO	1	org.l2jmobius.gameserver.data.xml.ExperienceData	ExperienceData: Max Pet Level is 130.
2023.10.20 21:05:29,195	INFO	1	org.l2jmobius.gameserver.data.xml.KarmaData	KarmaData: Loaded 130 karma modifiers.
2023.10.20 21:05:29,197	INFO	1	org.l2jmobius.gameserver.data.xml.HitConditionBonusData	HitConditionBonusData: Loaded hit condition bonuses.
2023.10.20 21:05:29,456	INFO	1	org.l2jmobius.gameserver.data.xml.PlayerTemplateData	PlayerTemplateData: Loaded 150 character templates.
2023.10.20 21:05:29,456	INFO	1	org.l2jmobius.gameserver.data.xml.PlayerTemplateData	PlayerTemplateData: Loaded 108000 level up gain records.
2023.10.20 21:05:29,456	INFO	1	org.l2jmobius.gameserver.data.xml.PlayerTemplateData	PlayerTemplateData: Generated 1500 level up gain records.
2023.10.20 21:05:29,458	INFO	1	org.l2jmobius.gameserver.data.sql.CharInfoTable	CharInfoTable: Loaded 2 char names.
2023.10.20 21:05:29,462	INFO	1	org.l2jmobius.gameserver.data.xml.AdminData	AdminData: Loaded 10 access levels.
2023.10.20 21:05:29,464	INFO	1	org.l2jmobius.gameserver.data.xml.AdminData	AdminData: Loaded 468 access commands.
2023.10.20 21:05:29,758	INFO	1	org.l2jmobius.gameserver.data.xml.PetDataTable	PetDataTable: Loaded 56 pets.
2023.10.20 21:05:29,786	INFO	1	org.l2jmobius.gameserver.data.xml.CubicData	CubicData: Loaded 25 cubics.
2023.10.20 21:05:29,793	INFO	1	org.l2jmobius.gameserver.GameServer	---------------------------------------------------=[ Clans ]
2023.10.20 21:05:29,795	INFO	1	org.l2jmobius.gameserver.data.xml.ClanLevelData	ClanLevelData: Loaded 15 clan level data.
2023.10.20 21:05:29,800	INFO	1	org.l2jmobius.gameserver.communitybbs.Manager.ForumsBBSManager	ForumsBBSManager: Loaded 4 forums. Last forum id used: 4
2023.10.20 21:05:29,801	INFO	1	org.l2jmobius.gameserver.data.sql.ClanTable	ClanTable: Restored 0 clans from the database.
2023.10.20 21:05:29,805	INFO	1	org.l2jmobius.gameserver.data.xml.ResidenceFunctionsData	ResidenceFunctionsData: Loaded 8 functions.
2023.10.20 21:05:29,878	INFO	1	org.l2jmobius.gameserver.data.xml.ClanHallData	ClanHallData: Succesfully loaded 57 clan halls.
2023.10.20 21:05:29,879	INFO	1	org.l2jmobius.gameserver.instancemanager.ClanHallAuctionManager	ClanHallAuctionManager: Clan Hall Auction has started!
2023.10.20 21:05:29,887	INFO	1	org.l2jmobius.gameserver.instancemanager.ClanEntryManager	ClanEntryManager: Loaded 0 clan entries.
2023.10.20 21:05:29,887	INFO	1	org.l2jmobius.gameserver.instancemanager.ClanEntryManager	ClanEntryManager: Loaded 0 players in waiting list.
2023.10.20 21:05:29,888	INFO	1	org.l2jmobius.gameserver.instancemanager.ClanEntryManager	ClanEntryManager: Loaded 0 player applications.
2023.10.20 21:05:29,890	INFO	1	org.l2jmobius.gameserver.data.xml.ClanMasteryData	ClanMasteryData: Loaded 16 clan masteries.
2023.10.20 21:05:29,893	INFO	1	org.l2jmobius.gameserver.data.xml.ClanShopData	ClanShopData: Loaded 13 clan shop products.
2023.10.20 21:05:29,893	INFO	1	org.l2jmobius.gameserver.GameServer	-------------------------------------------------=[ Geodata ]
2023.10.20 21:05:29,921	INFO	1	org.l2jmobius.gameserver.geoengine.GeoEngine	GeoEngine: Loaded 0 regions.
2023.10.20 21:05:29,921	INFO	1	org.l2jmobius.gameserver.GameServer	----------------------------------------------------=[ NPCs ]
2023.10.20 21:05:31,792	INFO	1	org.l2jmobius.gameserver.data.xml.NpcData	NpcData: Loaded 14997 NPCs.
2023.10.20 21:05:31,818	INFO	1	org.l2jmobius.gameserver.data.xml.NpcData	NpcData: Loaded 23 custom NPCs.
2023.10.20 21:05:31,820	INFO	1	org.l2jmobius.gameserver.data.xml.FakePlayerData	FakePlayerData: Disabled.
2023.10.20 21:05:31,821	INFO	1	org.l2jmobius.gameserver.instancemanager.FakePlayerChatManager	FakePlayerChatManager: Disabled.
2023.10.20 21:05:33,153	INFO	1	org.l2jmobius.gameserver.data.xml.SpawnData	SpawnData: Loaded 54353 spawns
2023.10.20 21:05:33,183	INFO	1	org.l2jmobius.gameserver.instancemanager.WalkingManager	WalkingManager: Loaded 197 walking routes.
2023.10.20 21:05:33,198	INFO	1	org.l2jmobius.gameserver.data.xml.StaticObjectData	StaticObjectData: Loaded 86 static object templates.
2023.10.20 21:05:33,214	INFO	1	org.l2jmobius.gameserver.model.itemauction.ItemAuctionInstance	ItemAuctionInstance: Loaded 21 item(s) and registered 1 auction(s) for instance 34328
2023.10.20 21:05:33,221	INFO	1	org.l2jmobius.gameserver.model.itemauction.ItemAuctionInstance	ItemAuctionInstance: Schedule next auction 1 on 17:00:00 21.10.23 for instance 34328
2023.10.20 21:05:33,221	INFO	1	org.l2jmobius.gameserver.instancemanager.ItemAuctionManager	ItemAuctionManager: Loaded 1 instances.
2023.10.20 21:05:33,260	INFO	1	org.l2jmobius.gameserver.instancemanager.CastleManager	CastleManager: Loaded 9 castles.
2023.10.20 21:05:33,269	INFO	1	org.l2jmobius.gameserver.instancemanager.GrandBossManager	GrandBossManager: Fafurion(19740) status is 0
2023.10.20 21:05:33,270	INFO	1	org.l2jmobius.gameserver.instancemanager.GrandBossManager	GrandBossManager: Kelbim(26124) status is 0
2023.10.20 21:05:33,270	INFO	1	org.l2jmobius.gameserver.instancemanager.GrandBossManager	GrandBossManager: Core(29006) status is 0
2023.10.20 21:05:33,270	INFO	1	org.l2jmobius.gameserver.instancemanager.GrandBossManager	GrandBossManager: Baium(29020) status is 0
2023.10.20 21:05:33,270	INFO	1	org.l2jmobius.gameserver.instancemanager.GrandBossManager	GrandBossManager: Valakas(29028) status is 0
2023.10.20 21:05:33,270	INFO	1	org.l2jmobius.gameserver.instancemanager.GrandBossManager	GrandBossManager: Antharas(29068) status is 0
2023.10.20 21:05:33,270	INFO	1	org.l2jmobius.gameserver.instancemanager.GrandBossManager	GrandBossManager: Beleth(29118) status is 0
2023.10.20 21:05:33,270	INFO	1	org.l2jmobius.gameserver.instancemanager.GrandBossManager	GrandBossManager: Earth Wyrm Trasken(29197) status is 0
2023.10.20 21:05:33,270	INFO	1	org.l2jmobius.gameserver.instancemanager.GrandBossManager	GrandBossManager: Lindvior(29240) status is 0
2023.10.20 21:05:33,270	INFO	1	org.l2jmobius.gameserver.instancemanager.GrandBossManager	GrandBossManager: Helios(29305) status is 0
2023.10.20 21:05:33,270	INFO	1	org.l2jmobius.gameserver.instancemanager.GrandBossManager	GrandBossManager: Orfen(29325) status is 0
2023.10.20 21:05:33,270	INFO	1	org.l2jmobius.gameserver.instancemanager.GrandBossManager	GrandBossManager: Lilith(29336) status is 0
2023.10.20 21:05:33,270	INFO	1	org.l2jmobius.gameserver.instancemanager.GrandBossManager	GrandBossManager: Anakim(29348) status is 0
2023.10.20 21:05:33,270	INFO	1	org.l2jmobius.gameserver.instancemanager.GrandBossManager	GrandBossManager: Queen Ant(29381) status is 0
2023.10.20 21:05:33,271	INFO	1	org.l2jmobius.gameserver.instancemanager.GrandBossManager	GrandBossManager: Loaded 14 instances.
2023.10.20 21:05:33,278	INFO	1	org.l2jmobius.commons.util.IXmlReader	HomunculusData: Loaded 30 templates.
2023.10.20 21:05:33,282	INFO	1	org.l2jmobius.commons.util.IXmlReader	HomunculusSlotData: Loaded 9 templates.
2023.10.20 21:05:33,285	INFO	1	org.l2jmobius.commons.util.IXmlReader	HomunculusCreationData: Loaded 2 templates.
2023.10.20 21:05:33,285	INFO	1	org.l2jmobius.gameserver.GameServer	------------------------------------------------=[ Instance ]
2023.10.20 21:05:33,292	INFO	1	org.l2jmobius.gameserver.instancemanager.InstanceManager	InstanceManager: Loaded 334 instance names.
2023.10.20 21:05:33,921	INFO	1	org.l2jmobius.gameserver.instancemanager.InstanceManager	InstanceManager: Loaded 161 instance templates.
2023.10.20 21:05:33,922	INFO	1	org.l2jmobius.gameserver.instancemanager.InstanceManager	InstanceManager: Loaded instance reenter times for 0 players.
2023.10.20 21:05:33,922	INFO	1	org.l2jmobius.gameserver.GameServer	------------------------------------------------=[ Olympiad ]
2023.10.20 21:05:33,934	INFO	1	org.l2jmobius.gameserver.model.olympiad.Olympiad	Olympiad System: Loading....
2023.10.20 21:05:33,934	INFO	1	org.l2jmobius.gameserver.model.olympiad.Olympiad	Olympiad System: Currently in Olympiad Period
2023.10.20 21:05:33,935	INFO	1	org.l2jmobius.gameserver.model.olympiad.Olympiad	Olympiad System: 29 days, 14 hours and 54 mins until period ends.
2023.10.20 21:05:33,935	INFO	1	org.l2jmobius.gameserver.model.olympiad.Olympiad	Olympiad System: Next weekly change is in 6 days, 22 hours and 50 mins.
2023.10.20 21:05:33,935	INFO	1	org.l2jmobius.gameserver.model.olympiad.Olympiad	Olympiad System: Loaded 1 Nobles
2023.10.20 21:05:33,943	INFO	1	org.l2jmobius.gameserver.model.olympiad.Olympiad	Olympiad System: Competition Period Starts in 0 days, 0 hours and 0 mins.
2023.10.20 21:05:33,959	INFO	1	org.l2jmobius.gameserver.model.olympiad.Olympiad	Olympiad System: Event starts/started: Fri Oct 20 20:00:33 MSK 2023
2023.10.20 21:05:33,966	INFO	1	org.l2jmobius.gameserver.model.olympiad.Hero	Hero System: Loaded 0 Heroes.
2023.10.20 21:05:33,966	INFO	1	org.l2jmobius.gameserver.model.olympiad.Hero	Hero System: Loaded 0 all time Heroes.
2023.10.20 21:05:33,966	INFO	1	org.l2jmobius.gameserver.GameServer	---------------------------------------------------=[ Cache ]
2023.10.20 21:05:33,968	INFO	1	org.l2jmobius.gameserver.cache.HtmCache	Html cache start...
2023.10.20 21:05:33,972	INFO	105	org.l2jmobius.gameserver.model.olympiad.Olympiad	Olympiad System: Olympiad Games have started.
2023.10.20 21:05:34,810	INFO	105	org.l2jmobius.gameserver.instancemanager.DBSpawnManager	DBSpawnManager: Loaded 33 instances.
2023.10.20 21:05:34,810	INFO	105	org.l2jmobius.gameserver.instancemanager.DBSpawnManager	DBSpawnManager: Scheduled 0 instances.
2023.10.20 21:05:34,848	INFO	105	org.l2jmobius.gameserver.model.olympiad.OlympiadGameManager	Olympiad System: Loaded 80 stadiums.
2023.10.20 21:05:35,883	INFO	1	org.l2jmobius.gameserver.cache.HtmCache	Cache[HTML]: 4,272 megabytes on 6450 files loaded.
2023.10.20 21:05:35,885	INFO	1	org.l2jmobius.gameserver.data.sql.CrestTable	CrestTable: Loaded 0 Crests.
2023.10.20 21:05:35,887	INFO	1	org.l2jmobius.gameserver.data.xml.TeleportListData	TeleportListData: Loaded 98 teleports.
2023.10.20 21:05:42,620	INFO	1	org.l2jmobius.gameserver.data.xml.TeleporterData	TeleporterData: Loaded 168 npc teleporters.
2023.10.20 21:05:42,623	INFO	1	org.l2jmobius.gameserver.data.xml.TimedHuntingZoneData	TimedHuntingZoneData: Loaded 8 timed hunting zones.
2023.10.20 21:05:42,629	INFO	1	org.l2jmobius.gameserver.instancemanager.CursedWeaponsManager	CursedWeaponsManager: Loaded 2 cursed weapons.
2023.10.20 21:05:42,966	INFO	1	org.l2jmobius.gameserver.data.xml.TransformData	TransformData: Loaded 180 transform templates.
2023.10.20 21:05:42,978	INFO	1	org.l2jmobius.gameserver.data.BotReportTable	BotReportTable: Loaded 0 bot reports
2023.10.20 21:05:42,985	INFO	1	org.l2jmobius.gameserver.instancemanager.SellBuffsManager	SellBuffsManager: Loaded 145 allowed buffs.
2023.10.20 21:05:42,985	INFO	1	org.l2jmobius.gameserver.GameServer	-------------------------------------------------=[ Scripts ]
2023.10.20 21:05:42,989	INFO	1	org.l2jmobius.gameserver.instancemanager.AirShipManager	AirShipManager: Loaded 0 private airships
2023.10.20 21:05:42,995	INFO	1	org.l2jmobius.gameserver.data.xml.ShuttleData	ShuttleData: Loaded 3 shuttles.
2023.10.20 21:05:42,996	INFO	1	org.l2jmobius.gameserver.GameServer	GameServer: Loading server scripts:
2023.10.20 21:05:45,326	INFO	1	handlers.MasterHandler	Loading Handlers...
2023.10.20 21:05:45,485	INFO	1	handlers.MasterHandler	ActionHandler: Loaded 10 handlers.
2023.10.20 21:05:45,486	INFO	1	handlers.MasterHandler	ActionShiftHandler: Loaded 6 handlers.
2023.10.20 21:05:45,486	INFO	1	handlers.MasterHandler	AdminCommandHandler: Loaded 462 handlers.
2023.10.20 21:05:45,486	INFO	1	handlers.MasterHandler	BypassHandler: Loaded 30 handlers.
2023.10.20 21:05:45,486	INFO	1	handlers.MasterHandler	ChatHandler: Loaded 14 handlers.
2023.10.20 21:05:45,486	INFO	1	handlers.MasterHandler	CommunityBoardHandler: Loaded 24 handlers.
2023.10.20 21:05:45,486	INFO	1	handlers.MasterHandler	ItemHandler: Loaded 36 handlers.
2023.10.20 21:05:45,486	INFO	1	handlers.MasterHandler	PunishmentHandler: Loaded 3 handlers.
2023.10.20 21:05:45,486	INFO	1	handlers.MasterHandler	UserCommandHandler: Loaded 17 handlers.
2023.10.20 21:05:45,486	INFO	1	handlers.MasterHandler	VoicedCommandHandler: Loaded 7 handlers.
2023.10.20 21:05:45,486	INFO	1	handlers.MasterHandler	TargetHandler: Loaded 21 handlers.
2023.10.20 21:05:45,487	INFO	1	handlers.MasterHandler	AffectObjectHandler: Loaded 11 handlers.
2023.10.20 21:05:45,488	INFO	1	handlers.MasterHandler	AffectScopeHandler: Loaded 19 handlers.
2023.10.20 21:05:45,488	INFO	1	handlers.MasterHandler	PlayerActionHandler: Loaded 25 handlers.
2023.10.20 21:05:45,488	INFO	1	handlers.MasterHandler	Handlers Loaded...
2023.10.20 21:05:49,472	INFO	1	org.l2jmobius.commons.util.IXmlReader	------------------------------------------------=[ Conquest ]
2023.10.20 21:05:49,472	INFO	1	org.l2jmobius.commons.util.IXmlReader	ConquestPointData: Loaded 139 conquest points reward data.
2023.10.20 21:05:49,472	INFO	1	org.l2jmobius.commons.util.IXmlReader	ConquestPointData: Loaded 21 conquest pvp points reward data.
2023.10.20 21:05:49,478	INFO	1	ai.areas.Conquest.ConquestEngine	ConquestEngine: Conquest Access: is Open. Closes in: 0 days, 3 hours and 54 mins.
2023.10.20 21:05:49,482	INFO	1	ai.areas.Conquest.ConquestEngine	ConquestEngine: Conquest Season End: 31/10/2023 23:59:59
2023.10.20 21:05:49,483	INFO	49	ai.areas.Conquest.ConquestEngine	ConquestEngine: Conquest access is now Open.
2023.10.20 21:05:49,483	INFO	1	ai.areas.Conquest.ConquestEngine	ConquestEngine: Conquest Server Points: 0
2023.10.20 21:05:49,485	INFO	1	ai.areas.Conquest.ConquestEngine	ConquestEngine: Conquest ASA Zone points: 0
2023.10.20 21:05:49,485	INFO	1	ai.areas.Conquest.ConquestEngine	ConquestEngine: Conquest ANIMA Zone points: 0
2023.10.20 21:05:49,485	INFO	1	ai.areas.Conquest.ConquestEngine	ConquestEngine: Conquest NOX Zone points: 0
2023.10.20 21:05:49,485	INFO	1	ai.areas.Conquest.ConquestEngine	ConquestEngine: Conquest VITA Zone points: 0
2023.10.20 21:05:49,485	INFO	1	ai.areas.Conquest.ConquestEngine	ConquestEngine: Conquest IGNIS Zone points: 0
2023.10.20 21:05:49,489	INFO	1	org.l2jmobius.gameserver.data.xml.DethroneShopData	DethroneShopData: Loaded 17 items.
2023.10.20 21:05:49,514	INFO	1	ai.areas.FantasyIsle.HandysBlockCheckerEvent	Handy's Block Checker Event is disabled
2023.10.20 21:05:49,516	INFO	1	ai.areas.FantasyIsle.Parade	Fantasy Isle: Parade starting at 2023/10/20 21:20 and is scheduled each next 1 hours.
2023.10.20 21:05:49,525	INFO	1	ai.areas.FantasyIsle.TalentShow	Fantasy Isle: MC show script starting at 21/10/2023 12:01:49 and is scheduled each next 4 hours.
2023.10.20 21:05:49,665	INFO	1	org.l2jmobius.gameserver.instancemanager.GrandBossManager	GrandBossManager: Updated Anakim(29348) status to 0.
2023.10.20 21:05:49,688	INFO	1	org.l2jmobius.gameserver.instancemanager.GrandBossManager	GrandBossManager: Updated Etis van Etina(29318) status to 0.
2023.10.20 21:05:49,701	INFO	1	org.l2jmobius.gameserver.instancemanager.GrandBossManager	GrandBossManager: Updated Fafurion(19740) status to 0.
2023.10.20 21:05:49,712	INFO	1	org.l2jmobius.gameserver.instancemanager.GrandBossManager	GrandBossManager: Updated Helios(29305) status to 0.
2023.10.20 21:05:49,726	INFO	1	org.l2jmobius.gameserver.instancemanager.GrandBossManager	GrandBossManager: Updated Lilith(29336) status to 0.
2023.10.20 21:05:49,735	INFO	1	org.l2jmobius.gameserver.instancemanager.GrandBossManager	GrandBossManager: Updated Lindvior(29240) status to 0.
2023.10.20 21:05:49,768	INFO	1	ai.bosses.Tiat.Stage1	[Seed of Destruction] Loaded 51 spawn zones data.
2023.10.20 21:05:49,810	INFO	1	ai.others.ClassMaster.ClassMaster	ClassMaster: Loaded 0 class change options.
2023.10.20 21:05:49,854	INFO	1	ai.others.MentorGuide.MentorGuide	MentorGuide: Loaded 4 mentee coins
2023.10.20 21:05:49,865	INFO	1	ai.others.NpcBuffers.NpcBuffersData	NpcBuffersData: Loaded 6 buffers data.
2023.10.20 21:05:49,941	INFO	1	org.l2jmobius.gameserver.model.quest.Quest	Event Balthus Event has passed... Ignored 
2023.10.20 21:05:49,943	INFO	1	org.l2jmobius.gameserver.model.quest.Quest	Event Birth of Draco has passed... Ignored 
2023.10.20 21:05:49,948	INFO	1	org.l2jmobius.gameserver.model.quest.Quest	Event Chuseok Harvest Festival has passed... Ignored 
2023.10.20 21:05:49,951	INFO	1	org.l2jmobius.gameserver.model.quest.Quest	Event Dragon Slayer has passed... Ignored 
2023.10.20 21:05:49,954	INFO	1	org.l2jmobius.gameserver.model.quest.Quest	Event Dream Maker has passed... Ignored 
2023.10.20 21:05:49,965	INFO	1	org.l2jmobius.gameserver.model.quest.Quest	Event Eve the Fortune Teller active till Tue Dec 18 00:00:00 MSK 2029
2023.10.20 21:05:49,969	INFO	1	org.l2jmobius.gameserver.model.quest.Quest	Event Freya Celebration has passed... Ignored 
2023.10.20 21:05:49,973	INFO	1	org.l2jmobius.gameserver.model.quest.Quest	Event Gift of Vitality has passed... Ignored 
2023.10.20 21:05:49,976	INFO	1	org.l2jmobius.gameserver.model.quest.Quest	Event Halloween has passed... Ignored 
2023.10.20 21:05:49,979	INFO	1	org.l2jmobius.gameserver.model.quest.Quest	Event Heavy Medal has passed... Ignored 
2023.10.20 21:05:49,982	INFO	1	org.l2jmobius.gameserver.model.quest.Quest	Event Hungry Horse has passed... Ignored 
2023.10.20 21:05:49,985	INFO	1	org.l2jmobius.gameserver.model.quest.Quest	Event Hunt for Santa has passed... Ignored 
2023.10.20 21:05:49,988	INFO	1	org.l2jmobius.gameserver.model.quest.Quest	Event Legend's Mark has passed... Ignored 
2023.10.20 21:05:49,994	INFO	1	org.l2jmobius.gameserver.model.quest.Quest	Event Letter Collector has passed... Ignored 
2023.10.20 21:05:49,997	INFO	1	org.l2jmobius.gameserver.model.quest.Quest	Event Lovers Jubilee has passed... Ignored 
2023.10.20 21:05:50,000	INFO	1	org.l2jmobius.gameserver.model.quest.Quest	Event Love Your Gatekeeper has passed... Ignored 
2023.10.20 21:05:50,003	INFO	1	org.l2jmobius.gameserver.model.quest.Quest	Event Master of Enchanting has passed... Ignored 
2023.10.20 21:05:50,007	INFO	1	org.l2jmobius.gameserver.model.quest.Quest	Event Red Libra has passed... Ignored 
2023.10.20 21:05:50,010	INFO	1	org.l2jmobius.gameserver.model.quest.Quest	Event Rudolphs Blessing has passed... Ignored 
2023.10.20 21:05:50,025	INFO	1	org.l2jmobius.gameserver.model.quest.Quest	Event Saving Santa has passed... Ignored 
2023.10.20 21:05:50,030	INFO	1	org.l2jmobius.gameserver.model.quest.Quest	Event Smash It Completely has passed... Ignored 
2023.10.20 21:05:50,034	INFO	1	org.l2jmobius.gameserver.model.quest.Quest	Event Snowman Energy has passed... Ignored 
2023.10.20 21:05:50,037	INFO	1	org.l2jmobius.gameserver.model.quest.Quest	Event The Power Of Love has passed... Ignored 
2023.10.20 21:05:50,040	INFO	1	org.l2jmobius.gameserver.model.quest.Quest	Event Training with Dandy has passed... Ignored 
2023.10.20 21:05:50,234	INFO	1	org.l2jmobius.gameserver.data.xml.SpawnData	SpawnData: Initializing spawns...
2023.10.20 21:05:58,724	INFO	1	org.l2jmobius.gameserver.data.xml.SpawnData	SpawnData: All spawns has been initialized!
2023.10.20 21:05:58,724	INFO	1	org.l2jmobius.gameserver.GameServer	---------------------------------------------------=[ Siege ]
2023.10.20 21:05:58,731	INFO	1	org.l2jmobius.gameserver.data.xml.SiegeScheduleData	SiegeScheduleData: Loaded 9 siege schedulers.
2023.10.20 21:05:58,732	INFO	1	org.l2jmobius.gameserver.model.siege.Siege	Siege of Gludio: Sun Oct 22 16:00:00 MSK 2023
2023.10.20 21:05:58,733	INFO	1	org.l2jmobius.gameserver.model.siege.Siege	Siege of Dion: Sun Oct 22 20:00:00 MSK 2023
2023.10.20 21:05:58,733	INFO	1	org.l2jmobius.gameserver.model.siege.Siege	Siege of Giran: Sun Oct 22 16:00:00 MSK 2023
2023.10.20 21:05:58,734	INFO	1	org.l2jmobius.gameserver.model.siege.Siege	Siege of Oren: Sun Oct 22 20:00:00 MSK 2023
2023.10.20 21:05:58,734	INFO	1	org.l2jmobius.gameserver.model.siege.Siege	Siege of Aden: Sun Oct 22 16:00:00 MSK 2023
2023.10.20 21:05:58,734	INFO	1	org.l2jmobius.gameserver.model.siege.Siege	Siege of Innadril: Sun Oct 22 20:00:00 MSK 2023
2023.10.20 21:05:58,734	INFO	1	org.l2jmobius.gameserver.model.siege.Siege	Siege of Goddard: Sun Oct 22 16:00:00 MSK 2023
2023.10.20 21:05:58,735	INFO	1	org.l2jmobius.gameserver.model.siege.Siege	Siege of Rune: Sun Oct 22 20:00:00 MSK 2023
2023.10.20 21:05:58,735	INFO	1	org.l2jmobius.gameserver.model.siege.Siege	Siege of Schuttgart: Sun Oct 22 16:00:00 MSK 2023
2023.10.20 21:05:58,794	INFO	1	org.l2jmobius.gameserver.instancemanager.FortManager	FortManager: Loaded 20 fortress.
2023.10.20 21:05:58,847	INFO	1	org.l2jmobius.gameserver.instancemanager.CastleManorManager	CastleManorManager: Loaded 258 seeds.
2023.10.20 21:05:58,850	INFO	1	org.l2jmobius.gameserver.instancemanager.CastleManorManager	CastleManorManager: Manor data loaded.
2023.10.20 21:05:58,852	INFO	1	org.l2jmobius.gameserver.instancemanager.SiegeGuardManager	SiegeGuardManager: Loaded 0 siege guards tickets.
2023.10.20 21:05:58,852	INFO	1	org.l2jmobius.gameserver.instancemanager.QuestManager	QuestManager: Loaded 63 quests.
2023.10.20 21:05:58,852	INFO	1	org.l2jmobius.gameserver.instancemanager.QuestManager	QuestManager: Loaded 439 scripts.
2023.10.20 21:05:58,856	INFO	1	org.l2jmobius.gameserver.taskmanager.TaskManager	TaskManager: Loaded 5 Tasks.
2023.10.20 21:05:58,858	INFO	1	org.l2jmobius.gameserver.instancemanager.DailyTaskManager	DailyTaskManager: Next schedule at 21/10 06:30.
2023.10.20 21:05:58,860	INFO	1	org.l2jmobius.gameserver.instancemanager.MailManager	MailManager: Loaded 0 messages.
2023.10.20 21:05:58,860	INFO	121	ai.areas.Conquest.SacredFire.SacredFire	Sacred Fire Vars have been reset.
2023.10.20 21:05:58,861	INFO	1	org.l2jmobius.gameserver.instancemanager.PunishmentManager	PunishmentManager: Loaded 0 active and 0 expired punishments.
2023.10.20 21:05:58,861	INFO	1	org.l2jmobius.gameserver.GameServer	IdManager: Free ObjectID's remaining: 1878970785
2023.10.20 21:05:58,863	INFO	1	org.l2jmobius.gameserver.data.sql.OfflineTraderTable	OfflineTraderTable: Loading offline traders...
2023.10.20 21:05:58,863	INFO	1	org.l2jmobius.gameserver.data.sql.OfflineTraderTable	OfflineTraderTable: Loaded 0 offline traders.
2023.10.20 21:05:59,335	INFO	1	org.l2jmobius.gameserver.GameServer	GameServer: Started, using 1370 of 6144 MB total memory.
2023.10.20 21:05:59,336	INFO	1	org.l2jmobius.gameserver.GameServer	GameServer: Maximum number of connected players is 2000.
2023.10.20 21:05:59,336	INFO	1	org.l2jmobius.gameserver.GameServer	GameServer: Server loaded in 46 seconds.
2023.10.20 21:05:59,342	INFO	159	org.l2jmobius.commons.network.NetServer	GameServer: Listening on port 7777 for incoming connections.
2023.10.20 21:05:59,345	INFO	160	org.l2jmobius.gameserver.LoginServerThread	LoginServerThread: Connecting to login on 127.0.0.1:9014
2023.10.20 21:05:59,421	INFO	160	org.l2jmobius.gameserver.LoginServerThread	LoginServerThread: Registered on login as Server 2: Sieghardt
2023.10.20 21:17:34,029	WARNING	160	org.l2jmobius.gameserver.LoginServerThread	LoginServerThread: LoginServer not available, trying to reconnect...
2023.10.20 21:17:35,804	WARNING	35	org.l2jmobius.gameserver.Shutdown	Server scheduled restart issued shutdown command. Shutdown in 1 seconds!
2023.10.20 21:17:36,814	WARNING	181	org.l2jmobius.gameserver.Shutdown	GM shutdown countdown is over. shutting down NOW!
2023.10.20 21:17:36,818	INFO	181	org.l2jmobius.gameserver.Shutdown	All players disconnected and saved(0ms).
2023.10.20 21:17:36,818	INFO	181	org.l2jmobius.gameserver.Shutdown	Game Time Task Manager: Thread interruped(3ms).
2023.10.20 21:17:36,818	INFO	181	org.l2jmobius.commons.threads.ThreadPool	ThreadPool: Shutting down.
2023.10.20 21:17:36,820	INFO	181	org.l2jmobius.gameserver.Shutdown	Thread Pool Manager: Manager has been shut down(2ms).
2023.10.20 21:17:36,820	INFO	181	org.l2jmobius.gameserver.Shutdown	Login Server Thread: Thread interruped(0ms).
2023.10.20 21:17:36,820	INFO	181	org.l2jmobius.gameserver.Shutdown	GM shutdown received. Shutting down NOW!
2023.10.20 21:17:36,821	INFO	160	org.l2jmobius.gameserver.LoginServerThread	LoginServerThread: Connecting to login on 127.0.0.1:9014
2023.10.20 21:17:36,833	WARNING	160	org.l2jmobius.gameserver.LoginServerThread	LoginServerThread: LoginServer not available, trying to reconnect...
2023.10.20 21:17:36,868	INFO	181	org.l2jmobius.gameserver.Shutdown	RaidBossSpawnManager: All raidboss info saved(48ms).
2023.10.20 21:17:36,872	INFO	181	org.l2jmobius.gameserver.Shutdown	GrandBossManager: All Grand Boss info saved(4ms).
2023.10.20 21:17:36,872	INFO	181	org.l2jmobius.gameserver.Shutdown	Item Auction Manager: All tasks stopped(0ms).
2023.10.20 21:17:36,873	INFO	181	org.l2jmobius.gameserver.Shutdown	Olympiad System: Data saved(1ms).
2023.10.20 21:17:36,874	INFO	181	org.l2jmobius.gameserver.Shutdown	Hero System: Data saved(1ms).
2023.10.20 21:17:36,874	INFO	181	org.l2jmobius.gameserver.Shutdown	Clan System: Data saved(0ms).
2023.10.20 21:17:36,875	INFO	181	org.l2jmobius.gameserver.Shutdown	Cursed Weapons Manager: Data saved(1ms).
2023.10.20 21:17:36,876	INFO	181	org.l2jmobius.gameserver.Shutdown	Castle Manor Manager: Data saved(1ms).
2023.10.20 21:17:36,877	INFO	181	org.l2jmobius.gameserver.Shutdown	Quest Manager: Data saved(1ms).
2023.10.20 21:17:36,881	INFO	181	org.l2jmobius.gameserver.instancemanager.GlobalVariablesManager	GlobalVariablesManager: Stored 8 variables.
2023.10.20 21:17:36,881	INFO	181	org.l2jmobius.gameserver.Shutdown	Global Variables Manager: Variables saved(4ms).
2023.10.20 21:17:36,882	INFO	181	org.l2jmobius.gameserver.Shutdown	Bot Report Table: Successfully saved reports to database!
2023.10.20 21:17:41,846	INFO	160	org.l2jmobius.gameserver.LoginServerThread	LoginServerThread: Connecting to login on 127.0.0.1:9014
2023.10.20 21:17:41,847	WARNING	160	org.l2jmobius.gameserver.LoginServerThread	LoginServerThread: LoginServer not available, trying to reconnect...
2023.10.20 21:17:41,925	INFO	181	org.l2jmobius.gameserver.Shutdown	Database Factory: Database connection has been shut down(32ms).
2023.10.20 21:17:41,925	INFO	181	org.l2jmobius.gameserver.Shutdown	The server has been successfully shut down in 5seconds.
