2023.10.25 14:23:30,691	INFO	1	org.l2jmobius.commons.util.IXmlReader	Network Config: ipconfig.xml doesn't exists using automatic configuration...
2023.10.25 14:23:31,661	INFO	37	org.l2jmobius.gameserver.model.World	World: (288 by 272) World Region Grid set up.
2023.10.25 14:23:44,788	INFO	1	org.l2jmobius.commons.util.IXmlReader	Failed to connect to api.externalip.net please check your internet connection using 127.0.0.1!
2023.10.25 14:23:44,811	INFO	1	org.l2jmobius.commons.util.IXmlReader	Network Config: Adding new subnet: 127.0.0.0/8 address: 127.0.0.1
2023.10.25 14:23:44,813	INFO	1	org.l2jmobius.commons.util.IXmlReader	Network Config: Adding new subnet: 172.30.150.0/23 address: 172.30.150.219
2023.10.25 14:23:44,813	INFO	1	org.l2jmobius.commons.util.IXmlReader	Network Config: Adding new subnet: 0.0.0.0/0 address: 127.0.0.1
2023.10.25 14:23:44,903	INFO	1	org.l2jmobius.Config	Loaded 6 Filter Words.
2023.10.25 14:23:44,925	INFO	1	org.l2jmobius.gameserver.GameServer	------------------------------------------------=[ Database ]
2023.10.25 14:23:45,116	INFO	1	org.l2jmobius.commons.database.DatabaseFactory	Database: Initialized.
2023.10.25 14:23:45,117	INFO	1	org.l2jmobius.gameserver.GameServer	----------------------------------------------=[ ThreadPool ]
2023.10.25 14:23:45,118	INFO	1	org.l2jmobius.commons.threads.ThreadPool	ThreadPool: Initialized
2023.10.25 14:23:45,142	INFO	1	org.l2jmobius.commons.threads.ThreadPool	...scheduled pool executor with 64 total threads.
2023.10.25 14:23:45,142	INFO	1	org.l2jmobius.commons.threads.ThreadPool	...instant pool executor with 32 total threads.
2023.10.25 14:23:45,143	INFO	1	org.l2jmobius.gameserver.GameServer	-----------------------------------------------=[ IdManager ]
2023.10.25 14:23:45,161	INFO	1	org.l2jmobius.gameserver.instancemanager.IdManager	Updated characters online status.
2023.10.25 14:23:45,171	INFO	1	org.l2jmobius.gameserver.instancemanager.IdManager	IdManager: Cleaned 0 elements from database in 0 seconds.
2023.10.25 14:23:45,175	INFO	1	org.l2jmobius.gameserver.instancemanager.IdManager	IdManager: Cleaned 0 expired timestamps from database.
2023.10.25 14:23:45,177	INFO	1	org.l2jmobius.gameserver.instancemanager.IdManager	IdManager: 102912 id's available.
2023.10.25 14:23:45,178	INFO	1	org.l2jmobius.gameserver.GameServer	----------------------------------------=[ Scripting Engine ]
2023.10.25 14:23:45,326	INFO	1	org.l2jmobius.gameserver.scripting.ScriptEngineManager	Loaded 848 files to exclude.
2023.10.25 14:23:45,327	INFO	1	org.l2jmobius.gameserver.GameServer	---------------------------------------------------=[ World ]
2023.10.25 14:23:45,475	INFO	1	org.l2jmobius.gameserver.instancemanager.MapRegionManager	MapRegionManager: Loaded 61 map regions.
2023.10.25 14:23:45,479	INFO	1	org.l2jmobius.gameserver.instancemanager.ZoneManager	ZoneManager 19 by 18 Zone Region Grid set up.
2023.10.25 14:23:45,878	INFO	1	org.l2jmobius.gameserver.instancemanager.ZoneManager	ZoneManager: Loaded 35 zone classes and 2998 zones.
2023.10.25 14:23:45,880	INFO	1	org.l2jmobius.gameserver.instancemanager.ZoneManager	ZoneManager: Last static id 210110.
2023.10.25 14:23:46,113	INFO	1	org.l2jmobius.gameserver.data.xml.DoorData	DoorData: Loaded 1474 doors.
2023.10.25 14:23:46,122	INFO	1	FenceData	FenceData: Loaded 1 fences.
2023.10.25 14:23:46,130	INFO	1	org.l2jmobius.gameserver.instancemanager.GlobalVariablesManager	GlobalVariablesManager: Loaded 8 variables.
2023.10.25 14:23:46,130	INFO	1	org.l2jmobius.gameserver.GameServer	----------------------------------------------------=[ Data ]
2023.10.25 14:23:46,138	INFO	1	org.l2jmobius.gameserver.data.xml.ActionData	ActionData: Loaded 235 player actions.
2023.10.25 14:23:46,191	INFO	1	org.l2jmobius.gameserver.data.xml.CategoryData	CategoryData: Loaded 216 categories.
2023.10.25 14:23:46,200	INFO	1	org.l2jmobius.gameserver.data.xml.SecondaryAuthData	SecondaryAuthData: Loaded 328 forbidden passwords.
2023.10.25 14:23:46,302	WARNING	1	org.l2jmobius.gameserver.data.ItemTable	Dir C:\l2serv\сборки\компилы\L2J_Mobius_11.1_TheSourceOfFlame\game\data\stats\items\custom does not exist.
2023.10.25 14:23:47,711	INFO	1	org.l2jmobius.gameserver.data.ItemTable	ItemTable: Highest item id used: 96959
2023.10.25 14:23:47,723	INFO	1	org.l2jmobius.gameserver.data.ItemTable	ItemTable: Loaded 24825 Etc Items
2023.10.25 14:23:47,723	INFO	1	org.l2jmobius.gameserver.data.ItemTable	ItemTable: Loaded 12811 Armor Items
2023.10.25 14:23:47,723	INFO	1	org.l2jmobius.gameserver.data.ItemTable	ItemTable: Loaded 9115 Weapon Items
2023.10.25 14:23:47,723	INFO	1	org.l2jmobius.gameserver.data.ItemTable	ItemTable: Loaded 46751 Items in total.
2023.10.25 14:23:47,748	INFO	1	org.l2jmobius.gameserver.data.xml.CombinationItemsData	CombinationItemsData: Loaded 4508 combinations.
2023.10.25 14:23:47,756	INFO	1	org.l2jmobius.gameserver.data.xml.SayuneData	SayuneData: Loaded 71 maps.
2023.10.25 14:23:48,756	INFO	1	handlers.DailyMissionMasterHandler	DailyMissionMasterHandler: Loaded 23 handlers.
2023.10.25 14:23:48,782	INFO	1	org.l2jmobius.gameserver.data.xml.DailyMissionData	DailyMissionData: Loaded 131 one day rewards.
2023.10.25 14:23:48,789	INFO	1	org.l2jmobius.gameserver.data.xml.DailyMissionDataConquest	DailyMissionDataConquest: Loaded 2 one day conquest rewards.
2023.10.25 14:23:48,789	INFO	1	org.l2jmobius.gameserver.GameServer	--------------------------------------------------=[ Skills ]
2023.10.25 14:23:51,152	INFO	1	handlers.EffectMasterHandler	EffectMasterHandler: Loaded 404 effect handlers.
2023.10.25 14:23:51,174	INFO	1	org.l2jmobius.gameserver.data.xml.EnchantSkillGroupsData	EnchantSkillGroupsData: Loaded 20 enchant routes, max enchant set to 20.
2023.10.25 14:23:55,108	WARNING	1	org.l2jmobius.gameserver.model.effects.AbstractEffect	DamageByAttack can only use DIFF mode.
2023.10.25 14:23:55,196	INFO	1	org.l2jmobius.gameserver.data.xml.SkillData	SkillData: Loaded 195476 Skills.
2023.10.25 14:23:55,575	INFO	1	org.l2jmobius.gameserver.data.xml.SkillTreeData	SkillTreeData: Loaded 22842 Class skills for 150 class skill trees.
2023.10.25 14:23:55,575	INFO	1	org.l2jmobius.gameserver.data.xml.SkillTreeData	SkillTreeData: Loaded 1 sub-class skills.
2023.10.25 14:23:55,575	INFO	1	org.l2jmobius.gameserver.data.xml.SkillTreeData	SkillTreeData: Loaded 33 dual-class skills.
2023.10.25 14:23:55,577	INFO	1	org.l2jmobius.gameserver.data.xml.SkillTreeData	SkillTreeData: Loaded 104 transfer skills for 3 transfer skill trees.
2023.10.25 14:23:55,577	INFO	1	org.l2jmobius.gameserver.data.xml.SkillTreeData	SkillTreeData: Loaded 18 race skills for 7 race skill trees.
2023.10.25 14:23:55,577	INFO	1	org.l2jmobius.gameserver.data.xml.SkillTreeData	SkillTreeData: Loaded 35 fishing skills, 8 Dwarven only fishing skills.
2023.10.25 14:23:55,577	INFO	1	org.l2jmobius.gameserver.data.xml.SkillTreeData	SkillTreeData: Loaded 3 collect skills.
2023.10.25 14:23:55,581	INFO	1	org.l2jmobius.gameserver.data.xml.SkillTreeData	SkillTreeData: Loaded 11 clan skills, 0 for clan and 11 residential.
2023.10.25 14:23:55,581	INFO	1	org.l2jmobius.gameserver.data.xml.SkillTreeData	SkillTreeData: Loaded 0 sub-pledge skills.
2023.10.25 14:23:55,581	INFO	1	org.l2jmobius.gameserver.data.xml.SkillTreeData	SkillTreeData: Loaded 32 transform skills.
2023.10.25 14:23:55,581	INFO	1	org.l2jmobius.gameserver.data.xml.SkillTreeData	SkillTreeData: Loaded 24 noble skills.
2023.10.25 14:23:55,581	INFO	1	org.l2jmobius.gameserver.data.xml.SkillTreeData	SkillTreeData: Loaded 4 hero skills.
2023.10.25 14:23:55,581	INFO	1	org.l2jmobius.gameserver.data.xml.SkillTreeData	SkillTreeData: Loaded 61 game master skills.
2023.10.25 14:23:55,582	INFO	1	org.l2jmobius.gameserver.data.xml.SkillTreeData	SkillTreeData: Loaded 61 game master aura skills.
2023.10.25 14:23:55,582	INFO	1	org.l2jmobius.gameserver.data.xml.SkillTreeData	SkillTreeData: Loaded 155 ability skills.
2023.10.25 14:23:55,582	INFO	1	org.l2jmobius.gameserver.data.xml.SkillTreeData	SkillTreeData: Loaded 113 alchemy skills.
2023.10.25 14:23:55,582	INFO	1	org.l2jmobius.gameserver.data.xml.SkillTreeData	SkillTreeData: Loaded 37 class awaken save skills.
2023.10.25 14:23:55,582	INFO	1	org.l2jmobius.gameserver.data.xml.SkillTreeData	SkillTreeData: Loaded 20 Revelation skills.
2023.10.25 14:23:55,582	INFO	1	org.l2jmobius.gameserver.data.xml.SkillTreeData	SkillTreeData: Loaded 35 common skills.
2023.10.25 14:23:55,595	INFO	1	org.l2jmobius.gameserver.data.xml.PetSkillData	PetSkillData: Loaded 1084 skills.
2023.10.25 14:23:55,596	INFO	1	org.l2jmobius.gameserver.GameServer	---------------------------------------------------=[ Items ]
2023.10.25 14:23:55,647	INFO	1	org.l2jmobius.gameserver.data.xml.EnchantItemGroupsData	EnchantItemGroupsData: Loaded 34 item group templates.
2023.10.25 14:23:55,648	INFO	1	org.l2jmobius.gameserver.data.xml.EnchantItemGroupsData	EnchantItemGroupsData: Loaded 5 scroll group templates.
2023.10.25 14:23:55,648	INFO	1	org.l2jmobius.gameserver.data.xml.EnchantItemGroupsData	EnchantItemGroupsData: Max weapon enchant is set to 30.
2023.10.25 14:23:55,648	INFO	1	org.l2jmobius.gameserver.data.xml.EnchantItemGroupsData	EnchantItemGroupsData: Max armor enchant is set to 30.
2023.10.25 14:23:55,648	INFO	1	org.l2jmobius.gameserver.data.xml.EnchantItemGroupsData	EnchantItemGroupsData: Max accessory enchant is set to 30.
2023.10.25 14:23:55,661	INFO	1	org.l2jmobius.gameserver.data.xml.EnchantItemData	EnchantItemData: Loaded 288 enchant scrolls.
2023.10.25 14:23:55,662	INFO	1	org.l2jmobius.gameserver.data.xml.EnchantItemData	EnchantItemData: Loaded 104 support items.
2023.10.25 14:23:56,415	INFO	1	org.l2jmobius.gameserver.data.xml.OptionData	OptionData: Loaded 38595 options.
2023.10.25 14:23:56,430	INFO	1	org.l2jmobius.gameserver.data.xml.EnchantItemOptionsData	EnchantItemOptionsData: Loaded 365 items and 4818 options.
2023.10.25 14:23:56,435	INFO	1	org.l2jmobius.commons.util.IXmlReader	ElementalAttributeData: Loaded 139 elemental attribute items.
2023.10.25 14:23:56,446	INFO	1	org.l2jmobius.gameserver.data.xml.ItemCrystallizationData	ItemCrystallizationData: Loaded 13 crystallization templates.
2023.10.25 14:23:56,446	INFO	1	org.l2jmobius.gameserver.data.xml.ItemCrystallizationData	ItemCrystallizationData: Loaded 338 pre-defined crystallizable items.
2023.10.25 14:23:56,461	INFO	1	org.l2jmobius.gameserver.data.xml.ItemCrystallizationData	ItemCrystallizationData: Generated 5989 crystallizable items from templates.
2023.10.25 14:23:56,502	INFO	1	VariationData	VariationData: Loaded 71 item groups.
2023.10.25 14:23:56,502	INFO	1	VariationData	VariationData: Loaded 51 variations.
2023.10.25 14:23:56,502	INFO	1	VariationData	VariationData: Loaded 2515 fees.
2023.10.25 14:23:56,529	INFO	1	org.l2jmobius.gameserver.data.xml.EnsoulData	EnsoulData: Loaded 148 fees.
2023.10.25 14:23:56,529	INFO	1	org.l2jmobius.gameserver.data.xml.EnsoulData	EnsoulData: Loaded 1289 options.
2023.10.25 14:23:56,530	INFO	1	org.l2jmobius.gameserver.data.xml.EnsoulData	EnsoulData: Loaded 145 stones.
2023.10.25 14:23:56,533	INFO	1	org.l2jmobius.gameserver.data.xml.EnchantItemHPBonusData	EnchantItemHPBonusData: Loaded 12 enchant HP bonuses.
2023.10.25 14:23:57,192	INFO	1	org.l2jmobius.gameserver.data.xml.BuyListData	BuyListData: Loaded 921 buyLists.
2023.10.25 14:23:57,798	INFO	1	org.l2jmobius.gameserver.data.xml.MultisellData	MultisellData: Loaded 596 multisell lists.
2023.10.25 14:23:57,833	INFO	1	org.l2jmobius.gameserver.data.xml.EquipmentUpgradeData	EquipmentUpgradeData: Loaded 6951 upgrade equipment data.
2023.10.25 14:23:57,861	INFO	1	org.l2jmobius.gameserver.data.xml.AgathionData	AgathionData: Loaded 435 agathion data.
2023.10.25 14:23:57,928	INFO	1	org.l2jmobius.gameserver.data.xml.RecipeData	RecipeData: Loaded 1780 recipes.
2023.10.25 14:23:57,971	INFO	1	org.l2jmobius.gameserver.data.xml.ArmorSetData	ArmorSetData: Loaded 370 armor sets.
2023.10.25 14:23:57,976	INFO	1	org.l2jmobius.gameserver.data.xml.FishingData	FishingData: Loaded 9 bait and 14 rod data.
2023.10.25 14:23:58,020	INFO	1	org.l2jmobius.gameserver.data.xml.HennaData	HennaData: Loaded 549 henna data.
2023.10.25 14:23:58,028	INFO	1	org.l2jmobius.gameserver.data.xml.PrimeShopData	PrimeShopData: System is disabled.
2023.10.25 14:23:58,033	INFO	1	org.l2jmobius.gameserver.data.xml.LimitShopData	LimitShopData: Loaded 66 items.
2023.10.25 14:23:58,041	INFO	1	org.l2jmobius.gameserver.data.xml.LimitShopData	LimitShopCraftData: Loaded 140 items.
2023.10.25 14:23:58,054	INFO	1	org.l2jmobius.gameserver.data.xml.CollectionData	CollectionData: Loaded 347 collections.
2023.10.25 14:23:58,106	INFO	1	org.l2jmobius.gameserver.data.xml.AppearanceItemData	AppearanceItemData: Loaded 1282 stones.
2023.10.25 14:23:58,116	INFO	1	org.l2jmobius.gameserver.data.xml.AlchemyData	AlchemyData: Loaded 114 alchemy craft skills.
2023.10.25 14:23:58,122	INFO	1	org.l2jmobius.gameserver.instancemanager.PrivateStoreHistoryManager	PrivateStoreHistoryManager: Loaded 0 items history.
2023.10.25 14:23:58,128	INFO	1	org.l2jmobius.commons.util.IXmlReader	LuckyGameData: Loaded 2 lucky game data.
2023.10.25 14:23:58,129	INFO	1	org.l2jmobius.gameserver.data.xml.AttendanceRewardData	AttendanceRewardData: Disabled.
2023.10.25 14:23:58,129	INFO	1	org.l2jmobius.gameserver.GameServer	----------------------------------------------=[ Characters ]
2023.10.25 14:23:58,133	INFO	1	org.l2jmobius.gameserver.data.xml.ClassListData	ClassListData: Loaded 158 class data.
2023.10.25 14:23:58,138	INFO	1	org.l2jmobius.gameserver.data.xml.InitialEquipmentData	InitialEquipmentData: Loaded 14 initial equipment data.
2023.10.25 14:23:58,142	INFO	1	org.l2jmobius.gameserver.data.xml.InitialShortcutData	InitialShortcutData: Loaded 5 initial global shortcuts data.
2023.10.25 14:23:58,142	INFO	1	org.l2jmobius.gameserver.data.xml.InitialShortcutData	InitialShortcutData: Loaded 5 initial shortcuts data.
2023.10.25 14:23:58,142	INFO	1	org.l2jmobius.gameserver.data.xml.InitialShortcutData	InitialShortcutData: Loaded 0 macro presets.
2023.10.25 14:23:58,145	INFO	1	org.l2jmobius.gameserver.data.xml.ExperienceData	ExperienceData: Loaded 131 levels.
2023.10.25 14:23:58,146	INFO	1	org.l2jmobius.gameserver.data.xml.ExperienceData	ExperienceData: Max Player Level is 130.
2023.10.25 14:23:58,146	INFO	1	org.l2jmobius.gameserver.data.xml.ExperienceData	ExperienceData: Max Pet Level is 130.
2023.10.25 14:23:58,151	INFO	1	org.l2jmobius.gameserver.data.xml.KarmaData	KarmaData: Loaded 130 karma modifiers.
2023.10.25 14:23:58,154	INFO	1	org.l2jmobius.gameserver.data.xml.HitConditionBonusData	HitConditionBonusData: Loaded hit condition bonuses.
2023.10.25 14:23:58,527	INFO	1	org.l2jmobius.gameserver.data.xml.PlayerTemplateData	PlayerTemplateData: Loaded 150 character templates.
2023.10.25 14:23:58,528	INFO	1	org.l2jmobius.gameserver.data.xml.PlayerTemplateData	PlayerTemplateData: Loaded 108000 level up gain records.
2023.10.25 14:23:58,528	INFO	1	org.l2jmobius.gameserver.data.xml.PlayerTemplateData	PlayerTemplateData: Generated 1500 level up gain records.
2023.10.25 14:23:58,530	INFO	1	org.l2jmobius.gameserver.data.sql.CharInfoTable	CharInfoTable: Loaded 2 char names.
2023.10.25 14:23:58,534	INFO	1	org.l2jmobius.gameserver.data.xml.AdminData	AdminData: Loaded 10 access levels.
2023.10.25 14:23:58,537	INFO	1	org.l2jmobius.gameserver.data.xml.AdminData	AdminData: Loaded 468 access commands.
2023.10.25 14:23:58,830	INFO	1	org.l2jmobius.gameserver.data.xml.PetDataTable	PetDataTable: Loaded 56 pets.
2023.10.25 14:23:58,858	INFO	1	org.l2jmobius.gameserver.data.xml.CubicData	CubicData: Loaded 25 cubics.
2023.10.25 14:23:58,867	INFO	1	org.l2jmobius.gameserver.GameServer	---------------------------------------------------=[ Clans ]
2023.10.25 14:23:58,871	INFO	1	org.l2jmobius.gameserver.data.xml.ClanLevelData	ClanLevelData: Loaded 15 clan level data.
2023.10.25 14:23:58,876	INFO	1	org.l2jmobius.gameserver.communitybbs.Manager.ForumsBBSManager	ForumsBBSManager: Loaded 4 forums. Last forum id used: 4
2023.10.25 14:23:58,877	INFO	1	org.l2jmobius.gameserver.data.sql.ClanTable	ClanTable: Restored 0 clans from the database.
2023.10.25 14:23:58,881	INFO	1	org.l2jmobius.gameserver.data.xml.ResidenceFunctionsData	ResidenceFunctionsData: Loaded 8 functions.
2023.10.25 14:23:58,943	INFO	1	org.l2jmobius.gameserver.data.xml.ClanHallData	ClanHallData: Succesfully loaded 57 clan halls.
2023.10.25 14:23:58,944	INFO	1	org.l2jmobius.gameserver.instancemanager.ClanHallAuctionManager	ClanHallAuctionManager: Clan Hall Auction has started!
2023.10.25 14:23:58,953	INFO	1	org.l2jmobius.gameserver.instancemanager.ClanEntryManager	ClanEntryManager: Loaded 0 clan entries.
2023.10.25 14:23:58,954	INFO	1	org.l2jmobius.gameserver.instancemanager.ClanEntryManager	ClanEntryManager: Loaded 0 players in waiting list.
2023.10.25 14:23:58,954	INFO	1	org.l2jmobius.gameserver.instancemanager.ClanEntryManager	ClanEntryManager: Loaded 0 player applications.
2023.10.25 14:23:58,957	INFO	1	org.l2jmobius.gameserver.data.xml.ClanMasteryData	ClanMasteryData: Loaded 16 clan masteries.
2023.10.25 14:23:58,962	INFO	1	org.l2jmobius.gameserver.data.xml.ClanShopData	ClanShopData: Loaded 13 clan shop products.
2023.10.25 14:23:58,962	INFO	1	org.l2jmobius.gameserver.GameServer	-------------------------------------------------=[ Geodata ]
2023.10.25 14:24:01,593	INFO	1	org.l2jmobius.gameserver.geoengine.GeoEngine	GeoEngine: Loaded 233 regions.
2023.10.25 14:24:01,593	INFO	1	org.l2jmobius.gameserver.GameServer	----------------------------------------------------=[ NPCs ]
2023.10.25 14:24:03,549	INFO	1	org.l2jmobius.gameserver.data.xml.NpcData	NpcData: Loaded 14997 NPCs.
2023.10.25 14:24:03,564	INFO	1	org.l2jmobius.gameserver.data.xml.NpcData	NpcData: Loaded 23 custom NPCs.
2023.10.25 14:24:03,565	INFO	1	org.l2jmobius.gameserver.data.xml.FakePlayerData	FakePlayerData: Disabled.
2023.10.25 14:24:03,566	INFO	1	org.l2jmobius.gameserver.instancemanager.FakePlayerChatManager	FakePlayerChatManager: Disabled.
2023.10.25 14:24:04,116	WARNING	1	org.l2jmobius.gameserver.data.xml.SpawnData	SpawnData: Requested spawn for non existing npc: 20418 in file: 17_20.xml
2023.10.25 14:24:04,116	WARNING	1	org.l2jmobius.gameserver.data.xml.SpawnData	SpawnData: Requested spawn for non existing npc: 20418 in file: 17_20.xml
2023.10.25 14:24:04,116	WARNING	1	org.l2jmobius.gameserver.data.xml.SpawnData	SpawnData: Requested spawn for non existing npc: 20418 in file: 17_20.xml
2023.10.25 14:24:04,116	WARNING	1	org.l2jmobius.gameserver.data.xml.SpawnData	SpawnData: Requested spawn for non existing npc: 20418 in file: 17_20.xml
2023.10.25 14:24:04,116	WARNING	1	org.l2jmobius.gameserver.data.xml.SpawnData	SpawnData: Requested spawn for non existing npc: 20418 in file: 17_20.xml
2023.10.25 14:24:04,116	WARNING	1	org.l2jmobius.gameserver.data.xml.SpawnData	SpawnData: Requested spawn for non existing npc: 20418 in file: 17_20.xml
2023.10.25 14:24:04,116	WARNING	1	org.l2jmobius.gameserver.data.xml.SpawnData	SpawnData: Requested spawn for non existing npc: 20418 in file: 17_20.xml
2023.10.25 14:24:04,117	WARNING	1	org.l2jmobius.gameserver.data.xml.SpawnData	SpawnData: Requested spawn for non existing npc: 20418 in file: 17_20.xml
2023.10.25 14:24:04,117	WARNING	1	org.l2jmobius.gameserver.data.xml.SpawnData	SpawnData: Requested spawn for non existing npc: 20418 in file: 17_20.xml
2023.10.25 14:24:04,117	WARNING	1	org.l2jmobius.gameserver.data.xml.SpawnData	SpawnData: Requested spawn for non existing npc: 20418 in file: 17_20.xml
2023.10.25 14:24:04,117	WARNING	1	org.l2jmobius.gameserver.data.xml.SpawnData	SpawnData: Requested spawn for non existing npc: 20418 in file: 17_20.xml
2023.10.25 14:24:04,117	WARNING	1	org.l2jmobius.gameserver.data.xml.SpawnData	SpawnData: Requested spawn for non existing npc: 20418 in file: 17_20.xml
2023.10.25 14:24:04,117	WARNING	1	org.l2jmobius.gameserver.data.xml.SpawnData	SpawnData: Requested spawn for non existing npc: 20418 in file: 17_20.xml
2023.10.25 14:24:04,117	WARNING	1	org.l2jmobius.gameserver.data.xml.SpawnData	SpawnData: Requested spawn for non existing npc: 20418 in file: 17_20.xml
2023.10.25 14:24:04,117	WARNING	1	org.l2jmobius.gameserver.data.xml.SpawnData	SpawnData: Requested spawn for non existing npc: 20418 in file: 17_20.xml
2023.10.25 14:24:04,117	WARNING	1	org.l2jmobius.gameserver.data.xml.SpawnData	SpawnData: Requested spawn for non existing npc: 20418 in file: 17_20.xml
2023.10.25 14:24:04,117	WARNING	1	org.l2jmobius.gameserver.data.xml.SpawnData	SpawnData: Requested spawn for non existing npc: 20418 in file: 17_20.xml
2023.10.25 14:24:04,117	WARNING	1	org.l2jmobius.gameserver.data.xml.SpawnData	SpawnData: Requested spawn for non existing npc: 20418 in file: 17_20.xml
2023.10.25 14:24:04,117	WARNING	1	org.l2jmobius.gameserver.data.xml.SpawnData	SpawnData: Requested spawn for non existing npc: 20418 in file: 17_20.xml
2023.10.25 14:24:04,117	WARNING	1	org.l2jmobius.gameserver.data.xml.SpawnData	SpawnData: Requested spawn for non existing npc: 20418 in file: 17_20.xml
2023.10.25 14:24:04,117	WARNING	1	org.l2jmobius.gameserver.data.xml.SpawnData	SpawnData: Requested spawn for non existing npc: 20418 in file: 17_20.xml
2023.10.25 14:24:04,117	WARNING	1	org.l2jmobius.gameserver.data.xml.SpawnData	SpawnData: Requested spawn for non existing npc: 20418 in file: 17_20.xml
2023.10.25 14:24:04,118	WARNING	1	org.l2jmobius.gameserver.data.xml.SpawnData	SpawnData: Requested spawn for non existing npc: 20418 in file: 17_20.xml
2023.10.25 14:24:04,118	WARNING	1	org.l2jmobius.gameserver.data.xml.SpawnData	SpawnData: Requested spawn for non existing npc: 20418 in file: 17_20.xml
2023.10.25 14:24:04,118	WARNING	1	org.l2jmobius.gameserver.data.xml.SpawnData	SpawnData: Requested spawn for non existing npc: 20418 in file: 17_20.xml
2023.10.25 14:24:04,118	WARNING	1	org.l2jmobius.gameserver.data.xml.SpawnData	SpawnData: Requested spawn for non existing npc: 20418 in file: 17_20.xml
2023.10.25 14:24:04,118	WARNING	1	org.l2jmobius.gameserver.data.xml.SpawnData	SpawnData: Requested spawn for non existing npc: 20418 in file: 17_20.xml
2023.10.25 14:24:04,118	WARNING	1	org.l2jmobius.gameserver.data.xml.SpawnData	SpawnData: Requested spawn for non existing npc: 20776 in file: 17_20.xml
2023.10.25 14:24:04,118	WARNING	1	org.l2jmobius.gameserver.data.xml.SpawnData	SpawnData: Requested spawn for non existing npc: 20776 in file: 17_20.xml
2023.10.25 14:24:04,118	WARNING	1	org.l2jmobius.gameserver.data.xml.SpawnData	SpawnData: Requested spawn for non existing npc: 20776 in file: 17_20.xml
2023.10.25 14:24:04,118	WARNING	1	org.l2jmobius.gameserver.data.xml.SpawnData	SpawnData: Requested spawn for non existing npc: 20776 in file: 17_20.xml
2023.10.25 14:24:04,118	WARNING	1	org.l2jmobius.gameserver.data.xml.SpawnData	SpawnData: Requested spawn for non existing npc: 20776 in file: 17_20.xml
2023.10.25 14:24:04,118	WARNING	1	org.l2jmobius.gameserver.data.xml.SpawnData	SpawnData: Requested spawn for non existing npc: 20776 in file: 17_20.xml
2023.10.25 14:24:04,118	WARNING	1	org.l2jmobius.gameserver.data.xml.SpawnData	SpawnData: Requested spawn for non existing npc: 20776 in file: 17_20.xml
2023.10.25 14:24:04,118	WARNING	1	org.l2jmobius.gameserver.data.xml.SpawnData	SpawnData: Requested spawn for non existing npc: 20776 in file: 17_20.xml
2023.10.25 14:24:04,118	WARNING	1	org.l2jmobius.gameserver.data.xml.SpawnData	SpawnData: Requested spawn for non existing npc: 20776 in file: 17_20.xml
2023.10.25 14:24:04,118	WARNING	1	org.l2jmobius.gameserver.data.xml.SpawnData	SpawnData: Requested spawn for non existing npc: 20776 in file: 17_20.xml
2023.10.25 14:24:04,118	WARNING	1	org.l2jmobius.gameserver.data.xml.SpawnData	SpawnData: Requested spawn for non existing npc: 20776 in file: 17_20.xml
2023.10.25 14:24:04,118	WARNING	1	org.l2jmobius.gameserver.data.xml.SpawnData	SpawnData: Requested spawn for non existing npc: 20776 in file: 17_20.xml
2023.10.25 14:24:04,118	WARNING	1	org.l2jmobius.gameserver.data.xml.SpawnData	SpawnData: Requested spawn for non existing npc: 20776 in file: 17_20.xml
2023.10.25 14:24:04,118	WARNING	1	org.l2jmobius.gameserver.data.xml.SpawnData	SpawnData: Requested spawn for non existing npc: 20776 in file: 17_20.xml
2023.10.25 14:24:04,118	WARNING	1	org.l2jmobius.gameserver.data.xml.SpawnData	SpawnData: Requested spawn for non existing npc: 20776 in file: 17_20.xml
2023.10.25 14:24:04,119	WARNING	1	org.l2jmobius.gameserver.data.xml.SpawnData	SpawnData: Requested spawn for non existing npc: 20776 in file: 17_20.xml
2023.10.25 14:24:04,119	WARNING	1	org.l2jmobius.gameserver.data.xml.SpawnData	SpawnData: Requested spawn for non existing npc: 20776 in file: 17_20.xml
2023.10.25 14:24:04,120	WARNING	1	org.l2jmobius.gameserver.data.xml.SpawnData	SpawnData: Error while processing spawn in file: C:\l2serv\сборки\компилы\L2J_Mobius_11.1_TheSourceOfFlame\game\data\spawns\old\17_20.xml
2023.10.25 14:24:04,131	WARNING	1	org.l2jmobius.gameserver.data.xml.SpawnData	SpawnData: Requested spawn for non existing npc: 20310 in file: 17_23.xml
2023.10.25 14:24:04,131	WARNING	1	org.l2jmobius.gameserver.data.xml.SpawnData	SpawnData: Requested spawn for non existing npc: 20310 in file: 17_23.xml
2023.10.25 14:24:04,131	WARNING	1	org.l2jmobius.gameserver.data.xml.SpawnData	SpawnData: Requested spawn for non existing npc: 20310 in file: 17_23.xml
2023.10.25 14:24:04,131	WARNING	1	org.l2jmobius.gameserver.data.xml.SpawnData	SpawnData: Requested spawn for non existing npc: 20310 in file: 17_23.xml
2023.10.25 14:24:04,131	WARNING	1	org.l2jmobius.gameserver.data.xml.SpawnData	SpawnData: Requested spawn for non existing npc: 20310 in file: 17_23.xml
2023.10.25 14:24:04,131	WARNING	1	org.l2jmobius.gameserver.data.xml.SpawnData	SpawnData: Requested spawn for non existing npc: 20310 in file: 17_23.xml
2023.10.25 14:24:04,131	WARNING	1	org.l2jmobius.gameserver.data.xml.SpawnData	SpawnData: Requested spawn for non existing npc: 20310 in file: 17_23.xml
2023.10.25 14:24:04,131	WARNING	1	org.l2jmobius.gameserver.data.xml.SpawnData	SpawnData: Requested spawn for non existing npc: 20310 in file: 17_23.xml
2023.10.25 14:24:04,131	WARNING	1	org.l2jmobius.gameserver.data.xml.SpawnData	SpawnData: Requested spawn for non existing npc: 20310 in file: 17_23.xml
2023.10.25 14:24:04,131	WARNING	1	org.l2jmobius.gameserver.data.xml.SpawnData	SpawnData: Requested spawn for non existing npc: 20310 in file: 17_23.xml
2023.10.25 14:24:04,132	WARNING	1	org.l2jmobius.gameserver.data.xml.SpawnData	SpawnData: Requested spawn for non existing npc: 20310 in file: 17_23.xml
2023.10.25 14:24:04,132	WARNING	1	org.l2jmobius.gameserver.data.xml.SpawnData	SpawnData: Requested spawn for non existing npc: 20310 in file: 17_23.xml
2023.10.25 14:24:04,132	WARNING	1	org.l2jmobius.gameserver.data.xml.SpawnData	SpawnData: Requested spawn for non existing npc: 20310 in file: 17_23.xml
2023.10.25 14:24:04,132	WARNING	1	org.l2jmobius.gameserver.data.xml.SpawnData	SpawnData: Requested spawn for non existing npc: 20310 in file: 17_23.xml
2023.10.25 14:24:04,132	WARNING	1	org.l2jmobius.gameserver.data.xml.SpawnData	SpawnData: Requested spawn for non existing npc: 20310 in file: 17_23.xml
2023.10.25 14:24:04,132	WARNING	1	org.l2jmobius.gameserver.data.xml.SpawnData	SpawnData: Requested spawn for non existing npc: 20310 in file: 17_23.xml
2023.10.25 14:24:04,132	WARNING	1	org.l2jmobius.gameserver.data.xml.SpawnData	SpawnData: Requested spawn for non existing npc: 20310 in file: 17_23.xml
2023.10.25 14:24:04,132	WARNING	1	org.l2jmobius.gameserver.data.xml.SpawnData	SpawnData: Requested spawn for non existing npc: 20310 in file: 17_23.xml
2023.10.25 14:24:04,132	WARNING	1	org.l2jmobius.gameserver.data.xml.SpawnData	SpawnData: Requested spawn for non existing npc: 20310 in file: 17_23.xml
2023.10.25 14:24:04,132	WARNING	1	org.l2jmobius.gameserver.data.xml.SpawnData	SpawnData: Requested spawn for non existing npc: 20310 in file: 17_23.xml
2023.10.25 14:24:04,135	WARNING	1	org.l2jmobius.gameserver.data.xml.SpawnData	SpawnData: Requested spawn for non existing npc: 20034 in file: 18_20.xml
2023.10.25 14:24:04,135	WARNING	1	org.l2jmobius.gameserver.data.xml.SpawnData	SpawnData: Requested spawn for non existing npc: 20034 in file: 18_20.xml
2023.10.25 14:24:04,135	WARNING	1	org.l2jmobius.gameserver.data.xml.SpawnData	SpawnData: Requested spawn for non existing npc: 20034 in file: 18_20.xml
2023.10.25 14:24:04,135	WARNING	1	org.l2jmobius.gameserver.data.xml.SpawnData	SpawnData: Requested spawn for non existing npc: 20034 in file: 18_20.xml
2023.10.25 14:24:04,135	WARNING	1	org.l2jmobius.gameserver.data.xml.SpawnData	SpawnData: Requested spawn for non existing npc: 20034 in file: 18_20.xml
2023.10.25 14:24:04,135	WARNING	1	org.l2jmobius.gameserver.data.xml.SpawnData	SpawnData: Requested spawn for non existing npc: 20034 in file: 18_20.xml
2023.10.25 14:24:04,135	WARNING	1	org.l2jmobius.gameserver.data.xml.SpawnData	SpawnData: Requested spawn for non existing npc: 20034 in file: 18_20.xml
2023.10.25 14:24:04,135	WARNING	1	org.l2jmobius.gameserver.data.xml.SpawnData	SpawnData: Requested spawn for non existing npc: 20034 in file: 18_20.xml
2023.10.25 14:24:04,135	WARNING	1	org.l2jmobius.gameserver.data.xml.SpawnData	SpawnData: Requested spawn for non existing npc: 20034 in file: 18_20.xml
2023.10.25 14:24:04,135	WARNING	1	org.l2jmobius.gameserver.data.xml.SpawnData	SpawnData: Requested spawn for non existing npc: 20034 in file: 18_20.xml
2023.10.25 14:24:04,136	WARNING	1	org.l2jmobius.gameserver.data.xml.SpawnData	SpawnData: Requested spawn for non existing npc: 20034 in file: 18_20.xml
2023.10.25 14:24:04,136	WARNING	1	org.l2jmobius.gameserver.data.xml.SpawnData	SpawnData: Requested spawn for non existing npc: 20034 in file: 18_20.xml
2023.10.25 14:24:04,136	WARNING	1	org.l2jmobius.gameserver.data.xml.SpawnData	SpawnData: Requested spawn for non existing npc: 20034 in file: 18_20.xml
2023.10.25 14:24:04,136	WARNING	1	org.l2jmobius.gameserver.data.xml.SpawnData	SpawnData: Requested spawn for non existing npc: 20034 in file: 18_20.xml
2023.10.25 14:24:04,136	WARNING	1	org.l2jmobius.gameserver.data.xml.SpawnData	SpawnData: Requested spawn for non existing npc: 20034 in file: 18_20.xml
2023.10.25 14:24:04,136	WARNING	1	org.l2jmobius.gameserver.data.xml.SpawnData	SpawnData: Requested spawn for non existing npc: 20034 in file: 18_20.xml
2023.10.25 14:24:04,136	WARNING	1	org.l2jmobius.gameserver.data.xml.SpawnData	SpawnData: Requested spawn for non existing npc: 20034 in file: 18_20.xml
2023.10.25 14:24:04,136	WARNING	1	org.l2jmobius.gameserver.data.xml.SpawnData	SpawnData: Requested spawn for non existing npc: 20034 in file: 18_20.xml
2023.10.25 14:24:04,136	WARNING	1	org.l2jmobius.gameserver.data.xml.SpawnData	SpawnData: Requested spawn for non existing npc: 20034 in file: 18_20.xml
2023.10.25 14:24:04,136	WARNING	1	org.l2jmobius.gameserver.data.xml.SpawnData	SpawnData: Requested spawn for non existing npc: 20034 in file: 18_20.xml
2023.10.25 14:24:04,136	WARNING	1	org.l2jmobius.gameserver.data.xml.SpawnData	SpawnData: Requested spawn for non existing npc: 20034 in file: 18_20.xml
2023.10.25 14:24:04,136	WARNING	1	org.l2jmobius.gameserver.data.xml.SpawnData	SpawnData: Requested spawn for non existing npc: 20034 in file: 18_20.xml
2023.10.25 14:24:04,136	WARNING	1	org.l2jmobius.gameserver.data.xml.SpawnData	SpawnData: Requested spawn for non existing npc: 20034 in file: 18_20.xml
2023.10.25 14:24:04,136	WARNING	1	org.l2jmobius.gameserver.data.xml.SpawnData	SpawnData: Requested spawn for non existing npc: 20034 in file: 18_20.xml
2023.10.25 14:24:04,136	WARNING	1	org.l2jmobius.gameserver.data.xml.SpawnData	SpawnData: Requested spawn for non existing npc: 20034 in file: 18_20.xml
2023.10.25 14:24:04,136	WARNING	1	org.l2jmobius.gameserver.data.xml.SpawnData	SpawnData: Requested spawn for non existing npc: 20034 in file: 18_20.xml
2023.10.25 14:24:04,136	WARNING	1	org.l2jmobius.gameserver.data.xml.SpawnData	SpawnData: Requested spawn for non existing npc: 20034 in file: 18_20.xml
2023.10.25 14:24:04,136	WARNING	1	org.l2jmobius.gameserver.data.xml.SpawnData	SpawnData: Requested spawn for non existing npc: 20034 in file: 18_20.xml
2023.10.25 14:24:04,136	WARNING	1	org.l2jmobius.gameserver.data.xml.SpawnData	SpawnData: Requested spawn for non existing npc: 20034 in file: 18_20.xml
2023.10.25 14:24:04,136	WARNING	1	org.l2jmobius.gameserver.data.xml.SpawnData	SpawnData: Requested spawn for non existing npc: 20034 in file: 18_20.xml
2023.10.25 14:24:04,136	WARNING	1	org.l2jmobius.gameserver.data.xml.SpawnData	SpawnData: Requested spawn for non existing npc: 20034 in file: 18_20.xml
2023.10.25 14:24:04,137	WARNING	1	org.l2jmobius.gameserver.data.xml.SpawnData	SpawnData: Requested spawn for non existing npc: 20034 in file: 18_20.xml
2023.10.25 14:24:04,137	WARNING	1	org.l2jmobius.gameserver.data.xml.SpawnData	SpawnData: Requested spawn for non existing npc: 20034 in file: 18_20.xml
2023.10.25 14:24:04,137	WARNING	1	org.l2jmobius.gameserver.data.xml.SpawnData	SpawnData: Requested spawn for non existing npc: 20034 in file: 18_20.xml
2023.10.25 14:24:04,137	WARNING	1	org.l2jmobius.gameserver.data.xml.SpawnData	SpawnData: Requested spawn for non existing npc: 20034 in file: 18_20.xml
2023.10.25 14:24:04,137	WARNING	1	org.l2jmobius.gameserver.data.xml.SpawnData	SpawnData: Requested spawn for non existing npc: 20034 in file: 18_20.xml
2023.10.25 14:24:04,137	WARNING	1	org.l2jmobius.gameserver.data.xml.SpawnData	SpawnData: Requested spawn for non existing npc: 20034 in file: 18_20.xml
2023.10.25 14:24:04,137	WARNING	1	org.l2jmobius.gameserver.data.xml.SpawnData	SpawnData: Requested spawn for non existing npc: 20034 in file: 18_20.xml
2023.10.25 14:24:04,137	WARNING	1	org.l2jmobius.gameserver.data.xml.SpawnData	SpawnData: Requested spawn for non existing npc: 20034 in file: 18_20.xml
2023.10.25 14:24:04,137	WARNING	1	org.l2jmobius.gameserver.data.xml.SpawnData	SpawnData: Requested spawn for non existing npc: 20034 in file: 18_20.xml
2023.10.25 14:24:04,137	WARNING	1	org.l2jmobius.gameserver.data.xml.SpawnData	SpawnData: Requested spawn for non existing npc: 20034 in file: 18_20.xml
2023.10.25 14:24:04,137	WARNING	1	org.l2jmobius.gameserver.data.xml.SpawnData	SpawnData: Requested spawn for non existing npc: 20034 in file: 18_20.xml
2023.10.25 14:24:04,137	WARNING	1	org.l2jmobius.gameserver.data.xml.SpawnData	SpawnData: Requested spawn for non existing npc: 20034 in file: 18_20.xml
2023.10.25 14:24:04,137	WARNING	1	org.l2jmobius.gameserver.data.xml.SpawnData	SpawnData: Requested spawn for non existing npc: 20034 in file: 18_20.xml
2023.10.25 14:24:04,137	WARNING	1	org.l2jmobius.gameserver.data.xml.SpawnData	SpawnData: Requested spawn for non existing npc: 20034 in file: 18_20.xml
2023.10.25 14:24:04,137	WARNING	1	org.l2jmobius.gameserver.data.xml.SpawnData	SpawnData: Requested spawn for non existing npc: 20034 in file: 18_20.xml
2023.10.25 14:24:04,137	WARNING	1	org.l2jmobius.gameserver.data.xml.SpawnData	SpawnData: Requested spawn for non existing npc: 20034 in file: 18_20.xml
2023.10.25 14:24:04,138	WARNING	1	org.l2jmobius.gameserver.data.xml.SpawnData	SpawnData: Requested spawn for non existing npc: 20034 in file: 18_20.xml
2023.10.25 14:24:04,138	WARNING	1	org.l2jmobius.gameserver.data.xml.SpawnData	SpawnData: Requested spawn for non existing npc: 20034 in file: 18_20.xml
2023.10.25 14:24:04,138	WARNING	1	org.l2jmobius.gameserver.data.xml.SpawnData	SpawnData: Requested spawn for non existing npc: 20034 in file: 18_20.xml
2023.10.25 14:24:04,138	WARNING	1	org.l2jmobius.gameserver.data.xml.SpawnData	SpawnData: Requested spawn for non existing npc: 20034 in file: 18_20.xml
2023.10.25 14:24:04,138	WARNING	1	org.l2jmobius.gameserver.data.xml.SpawnData	SpawnData: Requested spawn for non existing npc: 20034 in file: 18_20.xml
2023.10.25 14:24:04,138	WARNING	1	org.l2jmobius.gameserver.data.xml.SpawnData	SpawnData: Requested spawn for non existing npc: 20034 in file: 18_20.xml
2023.10.25 14:24:04,138	WARNING	1	org.l2jmobius.gameserver.data.xml.SpawnData	SpawnData: Requested spawn for non existing npc: 20034 in file: 18_20.xml
2023.10.25 14:24:04,138	WARNING	1	org.l2jmobius.gameserver.data.xml.SpawnData	SpawnData: Requested spawn for non existing npc: 20034 in file: 18_20.xml
2023.10.25 14:24:04,138	WARNING	1	org.l2jmobius.gameserver.data.xml.SpawnData	SpawnData: Requested spawn for non existing npc: 20034 in file: 18_20.xml
2023.10.25 14:24:04,138	WARNING	1	org.l2jmobius.gameserver.data.xml.SpawnData	SpawnData: Requested spawn for non existing npc: 20034 in file: 18_20.xml
2023.10.25 14:24:04,138	WARNING	1	org.l2jmobius.gameserver.data.xml.SpawnData	SpawnData: Requested spawn for non existing npc: 20034 in file: 18_20.xml
2023.10.25 14:24:04,138	WARNING	1	org.l2jmobius.gameserver.data.xml.SpawnData	SpawnData: Requested spawn for non existing npc: 20034 in file: 18_20.xml
2023.10.25 14:24:04,138	WARNING	1	org.l2jmobius.gameserver.data.xml.SpawnData	SpawnData: Requested spawn for non existing npc: 20034 in file: 18_20.xml
2023.10.25 14:24:04,138	WARNING	1	org.l2jmobius.gameserver.data.xml.SpawnData	SpawnData: Requested spawn for non existing npc: 20034 in file: 18_20.xml
2023.10.25 14:24:04,138	WARNING	1	org.l2jmobius.gameserver.data.xml.SpawnData	SpawnData: Requested spawn for non existing npc: 20034 in file: 18_20.xml
2023.10.25 14:24:04,138	WARNING	1	org.l2jmobius.gameserver.data.xml.SpawnData	SpawnData: Requested spawn for non existing npc: 20034 in file: 18_20.xml
2023.10.25 14:24:04,139	WARNING	1	org.l2jmobius.gameserver.data.xml.SpawnData	SpawnData: Requested spawn for non existing npc: 20034 in file: 18_20.xml
2023.10.25 14:24:04,139	WARNING	1	org.l2jmobius.gameserver.data.xml.SpawnData	SpawnData: Requested spawn for non existing npc: 20034 in file: 18_20.xml
2023.10.25 14:24:04,139	WARNING	1	org.l2jmobius.gameserver.data.xml.SpawnData	SpawnData: Requested spawn for non existing npc: 20034 in file: 18_20.xml
2023.10.25 14:24:04,139	WARNING	1	org.l2jmobius.gameserver.data.xml.SpawnData	SpawnData: Requested spawn for non existing npc: 20034 in file: 18_20.xml
2023.10.25 14:24:04,139	WARNING	1	org.l2jmobius.gameserver.data.xml.SpawnData	SpawnData: Requested spawn for non existing npc: 20034 in file: 18_20.xml
2023.10.25 14:24:04,139	WARNING	1	org.l2jmobius.gameserver.data.xml.SpawnData	SpawnData: Requested spawn for non existing npc: 20034 in file: 18_20.xml
2023.10.25 14:24:04,139	WARNING	1	org.l2jmobius.gameserver.data.xml.SpawnData	SpawnData: Requested spawn for non existing npc: 20034 in file: 18_20.xml
2023.10.25 14:24:04,139	WARNING	1	org.l2jmobius.gameserver.data.xml.SpawnData	SpawnData: Requested spawn for non existing npc: 20034 in file: 18_20.xml
2023.10.25 14:24:04,139	WARNING	1	org.l2jmobius.gameserver.data.xml.SpawnData	SpawnData: Requested spawn for non existing npc: 20034 in file: 18_20.xml
2023.10.25 14:24:04,139	WARNING	1	org.l2jmobius.gameserver.data.xml.SpawnData	SpawnData: Requested spawn for non existing npc: 20034 in file: 18_20.xml
2023.10.25 14:24:04,139	WARNING	1	org.l2jmobius.gameserver.data.xml.SpawnData	SpawnData: Requested spawn for non existing npc: 20034 in file: 18_20.xml
2023.10.25 14:24:04,139	WARNING	1	org.l2jmobius.gameserver.data.xml.SpawnData	SpawnData: Requested spawn for non existing npc: 20034 in file: 18_20.xml
2023.10.25 14:24:04,139	WARNING	1	org.l2jmobius.gameserver.data.xml.SpawnData	SpawnData: Requested spawn for non existing npc: 20034 in file: 18_20.xml
2023.10.25 14:24:04,139	WARNING	1	org.l2jmobius.gameserver.data.xml.SpawnData	SpawnData: Requested spawn for non existing npc: 20034 in file: 18_20.xml
2023.10.25 14:24:04,139	WARNING	1	org.l2jmobius.gameserver.data.xml.SpawnData	SpawnData: Requested spawn for non existing npc: 20034 in file: 18_20.xml
2023.10.25 14:24:04,139	WARNING	1	org.l2jmobius.gameserver.data.xml.SpawnData	SpawnData: Requested spawn for non existing npc: 20034 in file: 18_20.xml
2023.10.25 14:24:04,139	WARNING	1	org.l2jmobius.gameserver.data.xml.SpawnData	SpawnData: Requested spawn for non existing npc: 20380 in file: 18_20.xml
2023.10.25 14:24:04,139	WARNING	1	org.l2jmobius.gameserver.data.xml.SpawnData	SpawnData: Requested spawn for non existing npc: 20380 in file: 18_20.xml
2023.10.25 14:24:04,139	WARNING	1	org.l2jmobius.gameserver.data.xml.SpawnData	SpawnData: Requested spawn for non existing npc: 20380 in file: 18_20.xml
2023.10.25 14:24:04,139	WARNING	1	org.l2jmobius.gameserver.data.xml.SpawnData	SpawnData: Requested spawn for non existing npc: 20380 in file: 18_20.xml
2023.10.25 14:24:04,140	WARNING	1	org.l2jmobius.gameserver.data.xml.SpawnData	SpawnData: Requested spawn for non existing npc: 20380 in file: 18_20.xml
2023.10.25 14:24:04,140	WARNING	1	org.l2jmobius.gameserver.data.xml.SpawnData	SpawnData: Requested spawn for non existing npc: 20380 in file: 18_20.xml
2023.10.25 14:24:04,140	WARNING	1	org.l2jmobius.gameserver.data.xml.SpawnData	SpawnData: Requested spawn for non existing npc: 20380 in file: 18_20.xml
2023.10.25 14:24:04,140	WARNING	1	org.l2jmobius.gameserver.data.xml.SpawnData	SpawnData: Requested spawn for non existing npc: 20380 in file: 18_20.xml
2023.10.25 14:24:04,140	WARNING	1	org.l2jmobius.gameserver.data.xml.SpawnData	SpawnData: Requested spawn for non existing npc: 20380 in file: 18_20.xml
2023.10.25 14:24:04,140	WARNING	1	org.l2jmobius.gameserver.data.xml.SpawnData	SpawnData: Requested spawn for non existing npc: 20380 in file: 18_20.xml
2023.10.25 14:24:04,140	WARNING	1	org.l2jmobius.gameserver.data.xml.SpawnData	SpawnData: Requested spawn for non existing npc: 20380 in file: 18_20.xml
2023.10.25 14:24:04,140	WARNING	1	org.l2jmobius.gameserver.data.xml.SpawnData	SpawnData: Requested spawn for non existing npc: 20380 in file: 18_20.xml
2023.10.25 14:24:04,140	WARNING	1	org.l2jmobius.gameserver.data.xml.SpawnData	SpawnData: Requested spawn for non existing npc: 20380 in file: 18_20.xml
2023.10.25 14:24:04,140	WARNING	1	org.l2jmobius.gameserver.data.xml.SpawnData	SpawnData: Requested spawn for non existing npc: 20380 in file: 18_20.xml
2023.10.25 14:24:04,140	WARNING	1	org.l2jmobius.gameserver.data.xml.SpawnData	SpawnData: Requested spawn for non existing npc: 20380 in file: 18_20.xml
2023.10.25 14:24:04,140	WARNING	1	org.l2jmobius.gameserver.data.xml.SpawnData	SpawnData: Requested spawn for non existing npc: 20380 in file: 18_20.xml
2023.10.25 14:24:04,140	WARNING	1	org.l2jmobius.gameserver.data.xml.SpawnData	SpawnData: Requested spawn for non existing npc: 20380 in file: 18_20.xml
2023.10.25 14:24:04,140	WARNING	1	org.l2jmobius.gameserver.data.xml.SpawnData	SpawnData: Requested spawn for non existing npc: 20380 in file: 18_20.xml
2023.10.25 14:24:04,140	WARNING	1	org.l2jmobius.gameserver.data.xml.SpawnData	SpawnData: Requested spawn for non existing npc: 20380 in file: 18_20.xml
2023.10.25 14:24:04,140	WARNING	1	org.l2jmobius.gameserver.data.xml.SpawnData	SpawnData: Requested spawn for non existing npc: 20380 in file: 18_20.xml
2023.10.25 14:24:04,140	WARNING	1	org.l2jmobius.gameserver.data.xml.SpawnData	SpawnData: Requested spawn for non existing npc: 20380 in file: 18_20.xml
2023.10.25 14:24:04,140	WARNING	1	org.l2jmobius.gameserver.data.xml.SpawnData	SpawnData: Requested spawn for non existing npc: 20380 in file: 18_20.xml
2023.10.25 14:24:04,140	WARNING	1	org.l2jmobius.gameserver.data.xml.SpawnData	SpawnData: Requested spawn for non existing npc: 20380 in file: 18_20.xml
2023.10.25 14:24:04,140	WARNING	1	org.l2jmobius.gameserver.data.xml.SpawnData	SpawnData: Requested spawn for non existing npc: 20380 in file: 18_20.xml
2023.10.25 14:24:04,140	WARNING	1	org.l2jmobius.gameserver.data.xml.SpawnData	SpawnData: Requested spawn for non existing npc: 20380 in file: 18_20.xml
2023.10.25 14:24:04,140	WARNING	1	org.l2jmobius.gameserver.data.xml.SpawnData	SpawnData: Requested spawn for non existing npc: 20380 in file: 18_20.xml
2023.10.25 14:24:04,141	WARNING	1	org.l2jmobius.gameserver.data.xml.SpawnData	SpawnData: Requested spawn for non existing npc: 20380 in file: 18_20.xml
2023.10.25 14:24:04,141	WARNING	1	org.l2jmobius.gameserver.data.xml.SpawnData	SpawnData: Requested spawn for non existing npc: 20380 in file: 18_20.xml
2023.10.25 14:24:04,141	WARNING	1	org.l2jmobius.gameserver.data.xml.SpawnData	SpawnData: Requested spawn for non existing npc: 20380 in file: 18_20.xml
2023.10.25 14:24:04,141	WARNING	1	org.l2jmobius.gameserver.data.xml.SpawnData	SpawnData: Requested spawn for non existing npc: 20380 in file: 18_20.xml
2023.10.25 14:24:04,141	WARNING	1	org.l2jmobius.gameserver.data.xml.SpawnData	SpawnData: Requested spawn for non existing npc: 20380 in file: 18_20.xml
2023.10.25 14:24:04,141	WARNING	1	org.l2jmobius.gameserver.data.xml.SpawnData	SpawnData: Requested spawn for non existing npc: 20380 in file: 18_20.xml
2023.10.25 14:24:04,141	WARNING	1	org.l2jmobius.gameserver.data.xml.SpawnData	SpawnData: Requested spawn for non existing npc: 20380 in file: 18_20.xml
2023.10.25 14:24:04,141	WARNING	1	org.l2jmobius.gameserver.data.xml.SpawnData	SpawnData: Requested spawn for non existing npc: 20380 in file: 18_20.xml
2023.10.25 14:24:04,141	WARNING	1	org.l2jmobius.gameserver.data.xml.SpawnData	SpawnData: Requested spawn for non existing npc: 20380 in file: 18_20.xml
2023.10.25 14:24:04,141	WARNING	1	org.l2jmobius.gameserver.data.xml.SpawnData	SpawnData: Requested spawn for non existing npc: 20380 in file: 18_20.xml
2023.10.25 14:24:04,141	WARNING	1	org.l2jmobius.gameserver.data.xml.SpawnData	SpawnData: Requested spawn for non existing npc: 20380 in file: 18_20.xml
2023.10.25 14:24:04,141	WARNING	1	org.l2jmobius.gameserver.data.xml.SpawnData	SpawnData: Requested spawn for non existing npc: 20380 in file: 18_20.xml
2023.10.25 14:24:04,141	WARNING	1	org.l2jmobius.gameserver.data.xml.SpawnData	SpawnData: Requested spawn for non existing npc: 20380 in file: 18_20.xml
2023.10.25 14:24:04,141	WARNING	1	org.l2jmobius.gameserver.data.xml.SpawnData	SpawnData: Requested spawn for non existing npc: 20380 in file: 18_20.xml
2023.10.25 14:24:04,141	WARNING	1	org.l2jmobius.gameserver.data.xml.SpawnData	SpawnData: Requested spawn for non existing npc: 20380 in file: 18_20.xml
2023.10.25 14:24:04,141	WARNING	1	org.l2jmobius.gameserver.data.xml.SpawnData	SpawnData: Requested spawn for non existing npc: 20380 in file: 18_20.xml
2023.10.25 14:24:04,141	WARNING	1	org.l2jmobius.gameserver.data.xml.SpawnData	SpawnData: Requested spawn for non existing npc: 20380 in file: 18_20.xml
2023.10.25 14:24:04,142	WARNING	1	org.l2jmobius.gameserver.data.xml.SpawnData	SpawnData: Requested spawn for non existing npc: 20380 in file: 18_20.xml
2023.10.25 14:24:04,142	WARNING	1	org.l2jmobius.gameserver.data.xml.SpawnData	SpawnData: Requested spawn for non existing npc: 20380 in file: 18_20.xml
2023.10.25 14:24:04,142	WARNING	1	org.l2jmobius.gameserver.data.xml.SpawnData	SpawnData: Requested spawn for non existing npc: 20380 in file: 18_20.xml
2023.10.25 14:24:04,142	WARNING	1	org.l2jmobius.gameserver.data.xml.SpawnData	SpawnData: Requested spawn for non existing npc: 20380 in file: 18_20.xml
2023.10.25 14:24:04,142	WARNING	1	org.l2jmobius.gameserver.data.xml.SpawnData	SpawnData: Requested spawn for non existing npc: 20380 in file: 18_20.xml
2023.10.25 14:24:04,142	WARNING	1	org.l2jmobius.gameserver.data.xml.SpawnData	SpawnData: Requested spawn for non existing npc: 20380 in file: 18_20.xml
2023.10.25 14:24:04,142	WARNING	1	org.l2jmobius.gameserver.data.xml.SpawnData	SpawnData: Requested spawn for non existing npc: 20380 in file: 18_20.xml
2023.10.25 14:24:04,144	WARNING	1	org.l2jmobius.gameserver.data.xml.SpawnData	SpawnData: Requested spawn for non existing npc: 20035 in file: 18_21.xml
2023.10.25 14:24:04,144	WARNING	1	org.l2jmobius.gameserver.data.xml.SpawnData	SpawnData: Requested spawn for non existing npc: 20035 in file: 18_21.xml
2023.10.25 14:24:04,144	WARNING	1	org.l2jmobius.gameserver.data.xml.SpawnData	SpawnData: Requested spawn for non existing npc: 20035 in file: 18_21.xml
2023.10.25 14:24:04,144	WARNING	1	org.l2jmobius.gameserver.data.xml.SpawnData	SpawnData: Requested spawn for non existing npc: 20035 in file: 18_21.xml
2023.10.25 14:24:04,144	WARNING	1	org.l2jmobius.gameserver.data.xml.SpawnData	SpawnData: Requested spawn for non existing npc: 20035 in file: 18_21.xml
2023.10.25 14:24:04,144	WARNING	1	org.l2jmobius.gameserver.data.xml.SpawnData	SpawnData: Requested spawn for non existing npc: 20035 in file: 18_21.xml
2023.10.25 14:24:04,144	WARNING	1	org.l2jmobius.gameserver.data.xml.SpawnData	SpawnData: Requested spawn for non existing npc: 20035 in file: 18_21.xml
2023.10.25 14:24:04,144	WARNING	1	org.l2jmobius.gameserver.data.xml.SpawnData	SpawnData: Requested spawn for non existing npc: 20035 in file: 18_21.xml
2023.10.25 14:24:04,144	WARNING	1	org.l2jmobius.gameserver.data.xml.SpawnData	SpawnData: Requested spawn for non existing npc: 20035 in file: 18_21.xml
2023.10.25 14:24:04,144	WARNING	1	org.l2jmobius.gameserver.data.xml.SpawnData	SpawnData: Requested spawn for non existing npc: 20035 in file: 18_21.xml
2023.10.25 14:24:04,144	WARNING	1	org.l2jmobius.gameserver.data.xml.SpawnData	SpawnData: Requested spawn for non existing npc: 20035 in file: 18_21.xml
2023.10.25 14:24:04,144	WARNING	1	org.l2jmobius.gameserver.data.xml.SpawnData	SpawnData: Requested spawn for non existing npc: 20035 in file: 18_21.xml
2023.10.25 14:24:04,144	WARNING	1	org.l2jmobius.gameserver.data.xml.SpawnData	SpawnData: Requested spawn for non existing npc: 20035 in file: 18_21.xml
2023.10.25 14:24:04,144	WARNING	1	org.l2jmobius.gameserver.data.xml.SpawnData	SpawnData: Requested spawn for non existing npc: 20035 in file: 18_21.xml
2023.10.25 14:24:04,145	WARNING	1	org.l2jmobius.gameserver.data.xml.SpawnData	SpawnData: Requested spawn for non existing npc: 20035 in file: 18_21.xml
2023.10.25 14:24:04,145	WARNING	1	org.l2jmobius.gameserver.data.xml.SpawnData	SpawnData: Requested spawn for non existing npc: 20035 in file: 18_21.xml
2023.10.25 14:24:04,145	WARNING	1	org.l2jmobius.gameserver.data.xml.SpawnData	SpawnData: Requested spawn for non existing npc: 20035 in file: 18_21.xml
2023.10.25 14:24:04,145	WARNING	1	org.l2jmobius.gameserver.data.xml.SpawnData	SpawnData: Requested spawn for non existing npc: 20035 in file: 18_21.xml
2023.10.25 14:24:04,145	WARNING	1	org.l2jmobius.gameserver.data.xml.SpawnData	SpawnData: Requested spawn for non existing npc: 20035 in file: 18_21.xml
2023.10.25 14:24:04,145	WARNING	1	org.l2jmobius.gameserver.data.xml.SpawnData	SpawnData: Requested spawn for non existing npc: 20035 in file: 18_21.xml
2023.10.25 14:24:04,145	WARNING	1	org.l2jmobius.gameserver.data.xml.SpawnData	SpawnData: Requested spawn for non existing npc: 20035 in file: 18_21.xml
2023.10.25 14:24:04,145	WARNING	1	org.l2jmobius.gameserver.data.xml.SpawnData	SpawnData: Requested spawn for non existing npc: 20035 in file: 18_21.xml
2023.10.25 14:24:04,145	WARNING	1	org.l2jmobius.gameserver.data.xml.SpawnData	SpawnData: Requested spawn for non existing npc: 20035 in file: 18_21.xml
2023.10.25 14:24:04,145	WARNING	1	org.l2jmobius.gameserver.data.xml.SpawnData	SpawnData: Requested spawn for non existing npc: 20035 in file: 18_21.xml
2023.10.25 14:24:04,145	WARNING	1	org.l2jmobius.gameserver.data.xml.SpawnData	SpawnData: Requested spawn for non existing npc: 20035 in file: 18_21.xml
2023.10.25 14:24:04,145	WARNING	1	org.l2jmobius.gameserver.data.xml.SpawnData	SpawnData: Requested spawn for non existing npc: 20035 in file: 18_21.xml
2023.10.25 14:24:04,145	WARNING	1	org.l2jmobius.gameserver.data.xml.SpawnData	SpawnData: Requested spawn for non existing npc: 20035 in file: 18_21.xml
2023.10.25 14:24:04,145	WARNING	1	org.l2jmobius.gameserver.data.xml.SpawnData	SpawnData: Requested spawn for non existing npc: 20035 in file: 18_21.xml
2023.10.25 14:24:04,145	WARNING	1	org.l2jmobius.gameserver.data.xml.SpawnData	SpawnData: Requested spawn for non existing npc: 20035 in file: 18_21.xml
2023.10.25 14:24:04,145	WARNING	1	org.l2jmobius.gameserver.data.xml.SpawnData	SpawnData: Requested spawn for non existing npc: 20035 in file: 18_21.xml
2023.10.25 14:24:04,145	WARNING	1	org.l2jmobius.gameserver.data.xml.SpawnData	SpawnData: Requested spawn for non existing npc: 20035 in file: 18_21.xml
2023.10.25 14:24:04,153	WARNING	1	org.l2jmobius.gameserver.data.xml.SpawnData	SpawnData: Requested spawn for non existing npc: 21236 in file: 21_22.xml
2023.10.25 14:24:04,153	WARNING	1	org.l2jmobius.gameserver.data.xml.SpawnData	SpawnData: Requested spawn for non existing npc: 21236 in file: 21_22.xml
2023.10.25 14:24:04,153	WARNING	1	org.l2jmobius.gameserver.data.xml.SpawnData	SpawnData: Requested spawn for non existing npc: 21236 in file: 21_22.xml
2023.10.25 14:24:04,153	WARNING	1	org.l2jmobius.gameserver.data.xml.SpawnData	SpawnData: Requested spawn for non existing npc: 21236 in file: 21_22.xml
2023.10.25 14:24:04,153	WARNING	1	org.l2jmobius.gameserver.data.xml.SpawnData	SpawnData: Requested spawn for non existing npc: 21236 in file: 21_22.xml
2023.10.25 14:24:04,153	WARNING	1	org.l2jmobius.gameserver.data.xml.SpawnData	SpawnData: Requested spawn for non existing npc: 21236 in file: 21_22.xml
2023.10.25 14:24:04,153	WARNING	1	org.l2jmobius.gameserver.data.xml.SpawnData	SpawnData: Requested spawn for non existing npc: 21236 in file: 21_22.xml
2023.10.25 14:24:04,153	WARNING	1	org.l2jmobius.gameserver.data.xml.SpawnData	SpawnData: Requested spawn for non existing npc: 21236 in file: 21_22.xml
2023.10.25 14:24:04,153	WARNING	1	org.l2jmobius.gameserver.data.xml.SpawnData	SpawnData: Requested spawn for non existing npc: 21236 in file: 21_22.xml
2023.10.25 14:24:04,153	WARNING	1	org.l2jmobius.gameserver.data.xml.SpawnData	SpawnData: Requested spawn for non existing npc: 21236 in file: 21_22.xml
2023.10.25 14:24:04,153	WARNING	1	org.l2jmobius.gameserver.data.xml.SpawnData	SpawnData: Requested spawn for non existing npc: 21236 in file: 21_22.xml
2023.10.25 14:24:04,153	WARNING	1	org.l2jmobius.gameserver.data.xml.SpawnData	SpawnData: Requested spawn for non existing npc: 21236 in file: 21_22.xml
2023.10.25 14:24:04,153	WARNING	1	org.l2jmobius.gameserver.data.xml.SpawnData	SpawnData: Requested spawn for non existing npc: 21236 in file: 21_22.xml
2023.10.25 14:24:04,153	WARNING	1	org.l2jmobius.gameserver.data.xml.SpawnData	SpawnData: Requested spawn for non existing npc: 21236 in file: 21_22.xml
2023.10.25 14:24:04,153	WARNING	1	org.l2jmobius.gameserver.data.xml.SpawnData	SpawnData: Requested spawn for non existing npc: 21236 in file: 21_22.xml
2023.10.25 14:24:04,397	INFO	1	org.l2jmobius.gameserver.data.xml.SpawnData	SpawnData: Loaded 54956 spawns
2023.10.25 14:24:04,416	INFO	1	org.l2jmobius.gameserver.instancemanager.WalkingManager	WalkingManager: Loaded 197 walking routes.
2023.10.25 14:24:04,425	INFO	1	org.l2jmobius.gameserver.data.xml.StaticObjectData	StaticObjectData: Loaded 86 static object templates.
2023.10.25 14:24:04,439	INFO	1	org.l2jmobius.gameserver.model.itemauction.ItemAuctionInstance	ItemAuctionInstance: Loaded 21 item(s) and registered 2 auction(s) for instance 34328
2023.10.25 14:24:04,443	INFO	1	org.l2jmobius.gameserver.model.itemauction.ItemAuctionInstance	ItemAuctionInstance: Schedule next auction 2 on 17:00:00 28.10.23 for instance 34328
2023.10.25 14:24:04,443	INFO	1	org.l2jmobius.gameserver.instancemanager.ItemAuctionManager	ItemAuctionManager: Loaded 1 instances.
2023.10.25 14:24:04,463	INFO	1	org.l2jmobius.gameserver.instancemanager.CastleManager	CastleManager: Loaded 9 castles.
2023.10.25 14:24:04,467	INFO	1	org.l2jmobius.gameserver.instancemanager.GrandBossManager	GrandBossManager: Fafurion(19740) status is 0
2023.10.25 14:24:04,468	INFO	1	org.l2jmobius.gameserver.instancemanager.GrandBossManager	GrandBossManager: Kelbim(26124) status is 0
2023.10.25 14:24:04,468	INFO	1	org.l2jmobius.gameserver.instancemanager.GrandBossManager	GrandBossManager: Core(29006) status is 0
2023.10.25 14:24:04,468	INFO	1	org.l2jmobius.gameserver.instancemanager.GrandBossManager	GrandBossManager: Baium(29020) status is 0
2023.10.25 14:24:04,468	INFO	1	org.l2jmobius.gameserver.instancemanager.GrandBossManager	GrandBossManager: Valakas(29028) status is 0
2023.10.25 14:24:04,468	INFO	1	org.l2jmobius.gameserver.instancemanager.GrandBossManager	GrandBossManager: Antharas(29068) status is 0
2023.10.25 14:24:04,468	INFO	1	org.l2jmobius.gameserver.instancemanager.GrandBossManager	GrandBossManager: Beleth(29118) status is 0
2023.10.25 14:24:04,468	INFO	1	org.l2jmobius.gameserver.instancemanager.GrandBossManager	GrandBossManager: Earth Wyrm Trasken(29197) status is 0
2023.10.25 14:24:04,468	INFO	1	org.l2jmobius.gameserver.instancemanager.GrandBossManager	GrandBossManager: Lindvior(29240) status is 0
2023.10.25 14:24:04,468	INFO	1	org.l2jmobius.gameserver.instancemanager.GrandBossManager	GrandBossManager: Helios(29305) status is 0
2023.10.25 14:24:04,468	INFO	1	org.l2jmobius.gameserver.instancemanager.GrandBossManager	GrandBossManager: Orfen(29325) status is 0
2023.10.25 14:24:04,468	INFO	1	org.l2jmobius.gameserver.instancemanager.GrandBossManager	GrandBossManager: Lilith(29336) status is 0
2023.10.25 14:24:04,468	INFO	1	org.l2jmobius.gameserver.instancemanager.GrandBossManager	GrandBossManager: Anakim(29348) status is 0
2023.10.25 14:24:04,468	INFO	1	org.l2jmobius.gameserver.instancemanager.GrandBossManager	GrandBossManager: Queen Ant(29381) status is 0
2023.10.25 14:24:04,468	INFO	1	org.l2jmobius.gameserver.instancemanager.GrandBossManager	GrandBossManager: Loaded 14 instances.
2023.10.25 14:24:04,473	INFO	1	org.l2jmobius.commons.util.IXmlReader	HomunculusData: Loaded 30 templates.
2023.10.25 14:24:04,475	INFO	1	org.l2jmobius.commons.util.IXmlReader	HomunculusSlotData: Loaded 9 templates.
2023.10.25 14:24:04,477	INFO	1	org.l2jmobius.commons.util.IXmlReader	HomunculusCreationData: Loaded 2 templates.
2023.10.25 14:24:04,477	INFO	1	org.l2jmobius.gameserver.GameServer	------------------------------------------------=[ Instance ]
2023.10.25 14:24:04,480	INFO	1	org.l2jmobius.gameserver.instancemanager.InstanceManager	InstanceManager: Loaded 334 instance names.
2023.10.25 14:24:04,863	INFO	1	org.l2jmobius.gameserver.instancemanager.InstanceManager	InstanceManager: Loaded 161 instance templates.
2023.10.25 14:24:04,864	INFO	1	org.l2jmobius.gameserver.instancemanager.InstanceManager	InstanceManager: Loaded instance reenter times for 0 players.
2023.10.25 14:24:04,864	INFO	1	org.l2jmobius.gameserver.GameServer	------------------------------------------------=[ Olympiad ]
2023.10.25 14:24:04,870	INFO	1	org.l2jmobius.gameserver.model.olympiad.Olympiad	Olympiad System: Loading....
2023.10.25 14:24:04,870	INFO	1	org.l2jmobius.gameserver.model.olympiad.Olympiad	Olympiad System: Currently in Olympiad Period
2023.10.25 14:24:04,870	INFO	1	org.l2jmobius.gameserver.model.olympiad.Olympiad	Olympiad System: 24 days, 21 hours and 35 mins until period ends.
2023.10.25 14:24:04,870	INFO	1	org.l2jmobius.gameserver.model.olympiad.Olympiad	Olympiad System: Next weekly change is in 1 days, 5 hours and 57 mins.
2023.10.25 14:24:04,870	INFO	1	org.l2jmobius.gameserver.model.olympiad.Olympiad	Olympiad System: Loaded 1 Nobles
2023.10.25 14:24:04,874	INFO	1	org.l2jmobius.gameserver.model.olympiad.Olympiad	Olympiad System: Competition Period Starts in 2 days, 5 hours and 36 mins.
2023.10.25 14:24:04,881	INFO	1	org.l2jmobius.gameserver.model.olympiad.Olympiad	Olympiad System: Event starts/started: Fri Oct 27 20:00:04 MSK 2023
2023.10.25 14:24:04,885	INFO	1	org.l2jmobius.gameserver.model.olympiad.Hero	Hero System: Loaded 0 Heroes.
2023.10.25 14:24:04,885	INFO	1	org.l2jmobius.gameserver.model.olympiad.Hero	Hero System: Loaded 0 all time Heroes.
2023.10.25 14:24:04,885	INFO	1	org.l2jmobius.gameserver.GameServer	---------------------------------------------------=[ Cache ]
2023.10.25 14:24:04,886	INFO	1	org.l2jmobius.gameserver.cache.HtmCache	Html cache start...
2023.10.25 14:24:06,129	INFO	1	org.l2jmobius.gameserver.cache.HtmCache	Cache[HTML]: 4,272 megabytes on 6450 files loaded.
2023.10.25 14:24:06,137	INFO	1	org.l2jmobius.gameserver.data.sql.CrestTable	CrestTable: Loaded 0 Crests.
2023.10.25 14:24:06,141	INFO	1	org.l2jmobius.gameserver.data.xml.TeleportListData	TeleportListData: Loaded 98 teleports.
2023.10.25 14:24:12,748	INFO	1	org.l2jmobius.gameserver.data.xml.TeleporterData	TeleporterData: Loaded 168 npc teleporters.
2023.10.25 14:24:12,751	INFO	1	org.l2jmobius.gameserver.data.xml.TimedHuntingZoneData	TimedHuntingZoneData: Loaded 8 timed hunting zones.
2023.10.25 14:24:12,755	INFO	1	org.l2jmobius.gameserver.instancemanager.CursedWeaponsManager	CursedWeaponsManager: Loaded 2 cursed weapons.
2023.10.25 14:24:13,081	INFO	1	org.l2jmobius.gameserver.data.xml.TransformData	TransformData: Loaded 180 transform templates.
2023.10.25 14:24:13,091	INFO	1	org.l2jmobius.gameserver.data.BotReportTable	BotReportTable: Loaded 0 bot reports
2023.10.25 14:24:13,098	INFO	1	org.l2jmobius.gameserver.instancemanager.SellBuffsManager	SellBuffsManager: Loaded 145 allowed buffs.
2023.10.25 14:24:13,098	INFO	1	org.l2jmobius.gameserver.GameServer	-------------------------------------------------=[ Scripts ]
2023.10.25 14:24:13,101	INFO	1	org.l2jmobius.gameserver.instancemanager.AirShipManager	AirShipManager: Loaded 0 private airships
2023.10.25 14:24:13,107	INFO	1	org.l2jmobius.gameserver.data.xml.ShuttleData	ShuttleData: Loaded 3 shuttles.
2023.10.25 14:24:13,108	INFO	1	org.l2jmobius.gameserver.GameServer	GameServer: Loading server scripts:
2023.10.25 14:24:14,742	INFO	1	handlers.MasterHandler	Loading Handlers...
2023.10.25 14:24:14,813	INFO	1	handlers.MasterHandler	ActionHandler: Loaded 10 handlers.
2023.10.25 14:24:14,814	INFO	1	handlers.MasterHandler	ActionShiftHandler: Loaded 6 handlers.
2023.10.25 14:24:14,814	INFO	1	handlers.MasterHandler	AdminCommandHandler: Loaded 462 handlers.
2023.10.25 14:24:14,814	INFO	1	handlers.MasterHandler	BypassHandler: Loaded 30 handlers.
2023.10.25 14:24:14,814	INFO	1	handlers.MasterHandler	ChatHandler: Loaded 14 handlers.
2023.10.25 14:24:14,814	INFO	1	handlers.MasterHandler	CommunityBoardHandler: Loaded 24 handlers.
2023.10.25 14:24:14,814	INFO	1	handlers.MasterHandler	ItemHandler: Loaded 36 handlers.
2023.10.25 14:24:14,814	INFO	1	handlers.MasterHandler	PunishmentHandler: Loaded 3 handlers.
2023.10.25 14:24:14,814	INFO	1	handlers.MasterHandler	UserCommandHandler: Loaded 17 handlers.
2023.10.25 14:24:14,814	INFO	1	handlers.MasterHandler	VoicedCommandHandler: Loaded 7 handlers.
2023.10.25 14:24:14,814	INFO	1	handlers.MasterHandler	TargetHandler: Loaded 21 handlers.
2023.10.25 14:24:14,814	INFO	1	handlers.MasterHandler	AffectObjectHandler: Loaded 11 handlers.
2023.10.25 14:24:14,814	INFO	1	handlers.MasterHandler	AffectScopeHandler: Loaded 19 handlers.
2023.10.25 14:24:14,814	INFO	1	handlers.MasterHandler	PlayerActionHandler: Loaded 25 handlers.
2023.10.25 14:24:14,815	INFO	1	handlers.MasterHandler	Handlers Loaded...
2023.10.25 14:24:17,933	INFO	1	org.l2jmobius.commons.util.IXmlReader	------------------------------------------------=[ Conquest ]
2023.10.25 14:24:17,933	INFO	1	org.l2jmobius.commons.util.IXmlReader	ConquestPointData: Loaded 139 conquest points reward data.
2023.10.25 14:24:17,934	INFO	1	org.l2jmobius.commons.util.IXmlReader	ConquestPointData: Loaded 21 conquest pvp points reward data.
2023.10.25 14:24:17,942	INFO	1	ai.areas.Conquest.ConquestEngine	ConquestEngine: Conquest Access: is Open. Closes in: 0 days, 0 hours and 0 mins.
2023.10.25 14:24:17,945	INFO	1	ai.areas.Conquest.ConquestEngine	ConquestEngine: Conquest Season End: 31/10/2023 23:59:59
2023.10.25 14:24:17,947	INFO	1	ai.areas.Conquest.ConquestEngine	ConquestEngine: Conquest Server Points: 0
2023.10.25 14:24:17,950	INFO	1	ai.areas.Conquest.ConquestEngine	ConquestEngine: Conquest ASA Zone points: 0
2023.10.25 14:24:17,951	INFO	1	ai.areas.Conquest.ConquestEngine	ConquestEngine: Conquest ANIMA Zone points: 0
2023.10.25 14:24:17,951	INFO	1	ai.areas.Conquest.ConquestEngine	ConquestEngine: Conquest NOX Zone points: 0
2023.10.25 14:24:17,952	INFO	1	ai.areas.Conquest.ConquestEngine	ConquestEngine: Conquest VITA Zone points: 0
2023.10.25 14:24:17,952	INFO	1	ai.areas.Conquest.ConquestEngine	ConquestEngine: Conquest IGNIS Zone points: 0
2023.10.25 14:24:17,956	INFO	1	org.l2jmobius.gameserver.data.xml.DethroneShopData	DethroneShopData: Loaded 17 items.
2023.10.25 14:24:17,982	INFO	1	ai.areas.FantasyIsle.HandysBlockCheckerEvent	Handy's Block Checker Event is disabled
2023.10.25 14:24:17,984	INFO	1	ai.areas.FantasyIsle.Parade	Fantasy Isle: Parade starting at 2023/10/25 17:20 and is scheduled each next 1 hours.
2023.10.25 14:24:17,994	INFO	1	ai.areas.FantasyIsle.TalentShow	Fantasy Isle: MC show script starting at 25/10/2023 20:29:17 and is scheduled each next 4 hours.
2023.10.25 14:24:18,169	INFO	1	org.l2jmobius.gameserver.instancemanager.GrandBossManager	GrandBossManager: Updated Anakim(29348) status to 0.
2023.10.25 14:24:18,203	INFO	1	org.l2jmobius.gameserver.instancemanager.GrandBossManager	GrandBossManager: Updated Etis van Etina(29318) status to 0.
2023.10.25 14:24:18,215	INFO	1	org.l2jmobius.gameserver.instancemanager.GrandBossManager	GrandBossManager: Updated Fafurion(19740) status to 0.
2023.10.25 14:24:18,227	INFO	1	org.l2jmobius.gameserver.instancemanager.GrandBossManager	GrandBossManager: Updated Helios(29305) status to 0.
2023.10.25 14:24:18,239	INFO	1	org.l2jmobius.gameserver.instancemanager.GrandBossManager	GrandBossManager: Updated Lilith(29336) status to 0.
2023.10.25 14:24:18,247	INFO	1	org.l2jmobius.gameserver.instancemanager.GrandBossManager	GrandBossManager: Updated Lindvior(29240) status to 0.
2023.10.25 14:24:18,294	INFO	1	ai.bosses.Tiat.Stage1	[Seed of Destruction] Loaded 51 spawn zones data.
2023.10.25 14:24:18,334	INFO	1	ai.others.ClassMaster.ClassMaster	ClassMaster: Loaded 0 class change options.
2023.10.25 14:24:18,369	INFO	1	ai.others.MentorGuide.MentorGuide	MentorGuide: Loaded 4 mentee coins
2023.10.25 14:24:18,379	INFO	1	ai.others.NpcBuffers.NpcBuffersData	NpcBuffersData: Loaded 6 buffers data.
2023.10.25 14:24:18,450	INFO	1	org.l2jmobius.gameserver.model.quest.Quest	Event Balthus Event has passed... Ignored 
2023.10.25 14:24:18,453	INFO	1	org.l2jmobius.gameserver.model.quest.Quest	Event Birth of Draco has passed... Ignored 
2023.10.25 14:24:18,458	INFO	1	org.l2jmobius.gameserver.model.quest.Quest	Event Chuseok Harvest Festival has passed... Ignored 
2023.10.25 14:24:18,462	INFO	1	org.l2jmobius.gameserver.model.quest.Quest	Event Dragon Slayer has passed... Ignored 
2023.10.25 14:24:18,466	INFO	1	org.l2jmobius.gameserver.model.quest.Quest	Event Dream Maker has passed... Ignored 
2023.10.25 14:24:18,477	INFO	1	org.l2jmobius.gameserver.model.quest.Quest	Event Eve the Fortune Teller active till Tue Dec 18 00:00:00 MSK 2029
2023.10.25 14:24:18,483	INFO	1	org.l2jmobius.gameserver.model.quest.Quest	Event Freya Celebration has passed... Ignored 
2023.10.25 14:24:18,487	INFO	1	org.l2jmobius.gameserver.model.quest.Quest	Event Gift of Vitality has passed... Ignored 
2023.10.25 14:24:18,490	INFO	1	org.l2jmobius.gameserver.model.quest.Quest	Event Halloween has passed... Ignored 
2023.10.25 14:24:18,493	INFO	1	org.l2jmobius.gameserver.model.quest.Quest	Event Heavy Medal has passed... Ignored 
2023.10.25 14:24:18,497	INFO	1	org.l2jmobius.gameserver.model.quest.Quest	Event Hungry Horse has passed... Ignored 
2023.10.25 14:24:18,500	INFO	1	org.l2jmobius.gameserver.model.quest.Quest	Event Hunt for Santa has passed... Ignored 
2023.10.25 14:24:18,503	INFO	1	org.l2jmobius.gameserver.model.quest.Quest	Event Legend's Mark has passed... Ignored 
2023.10.25 14:24:18,507	INFO	1	org.l2jmobius.gameserver.model.quest.Quest	Event Letter Collector has passed... Ignored 
2023.10.25 14:24:18,510	INFO	1	org.l2jmobius.gameserver.model.quest.Quest	Event Lovers Jubilee has passed... Ignored 
2023.10.25 14:24:18,512	INFO	1	org.l2jmobius.gameserver.model.quest.Quest	Event Love Your Gatekeeper has passed... Ignored 
2023.10.25 14:24:18,514	INFO	1	org.l2jmobius.gameserver.model.quest.Quest	Event Master of Enchanting has passed... Ignored 
2023.10.25 14:24:18,519	INFO	1	org.l2jmobius.gameserver.model.quest.Quest	Event Red Libra has passed... Ignored 
2023.10.25 14:24:18,522	INFO	1	org.l2jmobius.gameserver.model.quest.Quest	Event Rudolphs Blessing has passed... Ignored 
2023.10.25 14:24:18,536	INFO	1	org.l2jmobius.gameserver.model.quest.Quest	Event Saving Santa has passed... Ignored 
2023.10.25 14:24:18,540	INFO	1	org.l2jmobius.gameserver.model.quest.Quest	Event Smash It Completely has passed... Ignored 
2023.10.25 14:24:18,544	INFO	1	org.l2jmobius.gameserver.model.quest.Quest	Event Snowman Energy has passed... Ignored 
2023.10.25 14:24:18,546	INFO	1	org.l2jmobius.gameserver.model.quest.Quest	Event The Power Of Love has passed... Ignored 
2023.10.25 14:24:18,548	INFO	1	org.l2jmobius.gameserver.model.quest.Quest	Event Training with Dandy has passed... Ignored 
2023.10.25 14:24:18,668	INFO	1	org.l2jmobius.gameserver.data.xml.SpawnData	SpawnData: Initializing spawns...
2023.10.25 14:24:18,767	INFO	1	org.l2jmobius.gameserver.instancemanager.DBSpawnManager	DBSpawnManager: Loaded 33 instances.
2023.10.25 14:24:18,767	INFO	1	org.l2jmobius.gameserver.instancemanager.DBSpawnManager	DBSpawnManager: Scheduled 0 instances.
2023.10.25 14:24:23,951	INFO	1	org.l2jmobius.gameserver.data.xml.SpawnData	SpawnData: All spawns has been initialized!
2023.10.25 14:24:23,951	INFO	1	org.l2jmobius.gameserver.GameServer	---------------------------------------------------=[ Siege ]
2023.10.25 14:24:23,974	INFO	1	org.l2jmobius.gameserver.data.xml.SiegeScheduleData	SiegeScheduleData: Loaded 9 siege schedulers.
2023.10.25 14:24:23,974	INFO	1	org.l2jmobius.gameserver.model.siege.Siege	Siege of Gludio: Sun Nov 05 16:00:00 MSK 2023
2023.10.25 14:24:23,976	INFO	1	org.l2jmobius.gameserver.model.siege.Siege	Siege of Dion: Sun Oct 29 20:00:00 MSK 2023
2023.10.25 14:24:23,976	INFO	1	org.l2jmobius.gameserver.model.siege.Siege	Siege of Giran: Sun Nov 05 16:00:00 MSK 2023
2023.10.25 14:24:23,977	INFO	1	org.l2jmobius.gameserver.model.siege.Siege	Siege of Oren: Sun Oct 29 20:00:00 MSK 2023
2023.10.25 14:24:23,977	INFO	1	org.l2jmobius.gameserver.model.siege.Siege	Siege of Aden: Sun Nov 05 16:00:00 MSK 2023
2023.10.25 14:24:23,978	INFO	1	org.l2jmobius.gameserver.model.siege.Siege	Siege of Innadril: Sun Oct 29 20:00:00 MSK 2023
2023.10.25 14:24:23,978	INFO	1	org.l2jmobius.gameserver.model.siege.Siege	Siege of Goddard: Sun Nov 05 16:00:00 MSK 2023
2023.10.25 14:24:23,978	INFO	1	org.l2jmobius.gameserver.model.siege.Siege	Siege of Rune: Sun Oct 29 20:00:00 MSK 2023
2023.10.25 14:24:23,979	INFO	1	org.l2jmobius.gameserver.model.siege.Siege	Siege of Schuttgart: Sun Nov 05 16:00:00 MSK 2023
2023.10.25 14:24:24,021	INFO	1	org.l2jmobius.gameserver.instancemanager.FortManager	FortManager: Loaded 20 fortress.
2023.10.25 14:24:24,064	INFO	1	org.l2jmobius.gameserver.instancemanager.CastleManorManager	CastleManorManager: Loaded 258 seeds.
2023.10.25 14:24:24,066	INFO	1	org.l2jmobius.gameserver.instancemanager.CastleManorManager	CastleManorManager: Manor data loaded.
2023.10.25 14:24:24,069	INFO	1	org.l2jmobius.gameserver.instancemanager.SiegeGuardManager	SiegeGuardManager: Loaded 0 siege guards tickets.
2023.10.25 14:24:24,069	INFO	1	org.l2jmobius.gameserver.instancemanager.QuestManager	QuestManager: Loaded 63 quests.
2023.10.25 14:24:24,069	INFO	1	org.l2jmobius.gameserver.instancemanager.QuestManager	QuestManager: Loaded 439 scripts.
2023.10.25 14:24:24,074	INFO	1	org.l2jmobius.gameserver.taskmanager.TaskManager	TaskManager: Loaded 5 Tasks.
2023.10.25 14:24:24,075	INFO	1	org.l2jmobius.gameserver.instancemanager.DailyTaskManager	DailyTaskManager: Next schedule at 26/10 06:30.
2023.10.25 14:24:24,077	INFO	1	org.l2jmobius.gameserver.instancemanager.MailManager	MailManager: Loaded 0 messages.
2023.10.25 14:24:24,078	INFO	141	ai.areas.Conquest.SacredFire.SacredFire	Sacred Fire Vars have been reset.
2023.10.25 14:24:24,079	INFO	1	org.l2jmobius.gameserver.instancemanager.PunishmentManager	PunishmentManager: Loaded 0 active and 0 expired punishments.
2023.10.25 14:24:24,079	INFO	1	org.l2jmobius.gameserver.GameServer	IdManager: Free ObjectID's remaining: 1878970473
2023.10.25 14:24:24,080	INFO	1	org.l2jmobius.gameserver.data.sql.OfflineTraderTable	OfflineTraderTable: Loading offline traders...
2023.10.25 14:24:24,081	INFO	1	org.l2jmobius.gameserver.data.sql.OfflineTraderTable	OfflineTraderTable: Loaded 0 offline traders.
2023.10.25 14:24:24,590	INFO	1	org.l2jmobius.gameserver.GameServer	GameServer: Started, using 3491 of 6144 MB total memory.
2023.10.25 14:24:24,591	INFO	1	org.l2jmobius.gameserver.GameServer	GameServer: Maximum number of connected players is 2000.
2023.10.25 14:24:24,591	INFO	1	org.l2jmobius.gameserver.GameServer	GameServer: Server loaded in 54 seconds.
2023.10.25 14:24:24,597	INFO	159	org.l2jmobius.commons.network.NetServer	GameServer: Listening on port 7777 for incoming connections.
2023.10.25 14:24:24,600	INFO	160	org.l2jmobius.gameserver.LoginServerThread	LoginServerThread: Connecting to login on 127.0.0.1:9014
2023.10.25 14:24:24,658	INFO	160	org.l2jmobius.gameserver.LoginServerThread	LoginServerThread: Registered on login as Server 2: Sieghardt
2023.10.25 14:28:35,192	WARNING	166	org.l2jmobius.gameserver.model.actor.Creature	Master access level set for character 111! Just a warning to be careful ;)
2023.10.25 14:30:51,528	WARNING	35	org.l2jmobius.gameserver.Shutdown	Server scheduled restart issued shutdown command. Restart in 10 seconds!
2023.10.25 14:31:01,534	WARNING	174	org.l2jmobius.gameserver.Shutdown	GM shutdown countdown is over. restarting NOW!
2023.10.25 14:31:01,608	INFO	174	org.l2jmobius.gameserver.Shutdown	All players disconnected and saved(70ms).
2023.10.25 14:31:01,609	INFO	174	org.l2jmobius.gameserver.Shutdown	Game Time Task Manager: Thread interruped(3ms).
2023.10.25 14:31:01,609	INFO	174	org.l2jmobius.commons.threads.ThreadPool	ThreadPool: Shutting down.
2023.10.25 14:31:01,612	INFO	174	org.l2jmobius.gameserver.Shutdown	Thread Pool Manager: Manager has been shut down(4ms).
2023.10.25 14:31:01,612	INFO	174	org.l2jmobius.gameserver.Shutdown	Login Server Thread: Thread interruped(0ms).
2023.10.25 14:31:01,613	INFO	174	org.l2jmobius.gameserver.Shutdown	GM restart received. Restarting NOW!
2023.10.25 14:31:01,624	INFO	174	org.l2jmobius.gameserver.Shutdown	RaidBossSpawnManager: All raidboss info saved(11ms).
2023.10.25 14:31:01,629	INFO	174	org.l2jmobius.gameserver.Shutdown	GrandBossManager: All Grand Boss info saved(4ms).
2023.10.25 14:31:01,629	INFO	174	org.l2jmobius.gameserver.Shutdown	Item Auction Manager: All tasks stopped(1ms).
2023.10.25 14:31:01,630	INFO	174	org.l2jmobius.gameserver.Shutdown	Olympiad System: Data saved(1ms).
2023.10.25 14:31:01,631	INFO	174	org.l2jmobius.gameserver.Shutdown	Hero System: Data saved(1ms).
2023.10.25 14:31:01,631	INFO	174	org.l2jmobius.gameserver.Shutdown	Clan System: Data saved(0ms).
2023.10.25 14:31:01,632	INFO	174	org.l2jmobius.gameserver.Shutdown	Cursed Weapons Manager: Data saved(1ms).
2023.10.25 14:31:01,633	INFO	174	org.l2jmobius.gameserver.Shutdown	Castle Manor Manager: Data saved(1ms).
2023.10.25 14:31:01,634	INFO	174	org.l2jmobius.gameserver.Shutdown	Quest Manager: Data saved(1ms).
2023.10.25 14:31:01,638	INFO	174	org.l2jmobius.gameserver.instancemanager.GlobalVariablesManager	GlobalVariablesManager: Stored 8 variables.
2023.10.25 14:31:01,638	INFO	174	org.l2jmobius.gameserver.Shutdown	Global Variables Manager: Variables saved(4ms).
2023.10.25 14:31:01,639	INFO	174	org.l2jmobius.gameserver.Shutdown	Bot Report Table: Successfully saved reports to database!
2023.10.25 14:31:06,668	INFO	174	org.l2jmobius.gameserver.Shutdown	Database Factory: Database connection has been shut down(28ms).
2023.10.25 14:31:06,669	INFO	174	org.l2jmobius.gameserver.Shutdown	The server has been successfully shut down in 5seconds.
