2023.10.25 14:21:16,458	INFO	1	org.l2jmobius.commons.util.IXmlReader	Network Config: ipconfig.xml doesn't exists using automatic configuration...
2023.10.25 14:21:17,428	INFO	37	org.l2jmobius.gameserver.model.World	World: (288 by 272) World Region Grid set up.
2023.10.25 14:21:30,551	INFO	1	org.l2jmobius.commons.util.IXmlReader	Failed to connect to api.externalip.net please check your internet connection using 127.0.0.1!
2023.10.25 14:21:30,579	INFO	1	org.l2jmobius.commons.util.IXmlReader	Network Config: Adding new subnet: 127.0.0.0/8 address: 127.0.0.1
2023.10.25 14:21:30,583	INFO	1	org.l2jmobius.commons.util.IXmlReader	Network Config: Adding new subnet: 172.30.150.0/23 address: 172.30.150.219
2023.10.25 14:21:30,584	INFO	1	org.l2jmobius.commons.util.IXmlReader	Network Config: Adding new subnet: 0.0.0.0/0 address: 127.0.0.1
2023.10.25 14:21:30,676	INFO	1	org.l2jmobius.Config	Loaded 6 Filter Words.
2023.10.25 14:21:30,694	INFO	1	org.l2jmobius.gameserver.GameServer	------------------------------------------------=[ Database ]
2023.10.25 14:21:40,830	INFO	1	org.l2jmobius.commons.database.DatabaseFactory	Database: Problem on initialize. java.sql.SQLSyntaxErrorException: No connection available within the specified time (option 'connectTimeout': 10 000 ms)
2023.10.25 14:21:40,831	INFO	1	org.l2jmobius.gameserver.GameServer	----------------------------------------------=[ ThreadPool ]
2023.10.25 14:21:40,852	INFO	1	org.l2jmobius.commons.threads.ThreadPool	ThreadPool: Initialized
2023.10.25 14:21:40,912	INFO	1	org.l2jmobius.commons.threads.ThreadPool	...scheduled pool executor with 64 total threads.
2023.10.25 14:21:40,912	INFO	1	org.l2jmobius.commons.threads.ThreadPool	...instant pool executor with 32 total threads.
2023.10.25 14:21:40,921	INFO	1	org.l2jmobius.gameserver.GameServer	-----------------------------------------------=[ IdManager ]
2023.10.25 14:21:50,932	SEVERE	1	org.l2jmobius.commons.database.DatabaseFactory	DatabaseFactory: Could not get a connection. java.sql.SQLSyntaxErrorException: No connection available within the specified time (option 'connectTimeout': 10 000 ms)
2023.10.25 14:21:58,020	WARNING	35	org.l2jmobius.gameserver.Shutdown	GM: issued shutdown ABORT. SIGTERM has been stopped!
2023.10.25 14:22:00,937	SEVERE	1	org.l2jmobius.commons.database.DatabaseFactory	DatabaseFactory: Could not get a connection. java.sql.SQLSyntaxErrorException: No connection available within the specified time (option 'connectTimeout': 10 000 ms)
2023.10.25 14:22:01,504	WARNING	35	org.l2jmobius.gameserver.Shutdown	Server scheduled restart issued shutdown command. Shutdown in 1 seconds!
2023.10.25 14:22:03,881	WARNING	156	org.l2jmobius.gameserver.Shutdown	GM shutdown countdown is over. shutting down NOW!
2023.10.25 14:22:03,895	INFO	156	org.l2jmobius.gameserver.Shutdown	All players disconnected and saved(0ms).
2023.10.25 14:22:03,896	INFO	156	org.l2jmobius.gameserver.Shutdown	Game Time Task Manager: Thread interruped(10ms).
2023.10.25 14:22:03,896	INFO	156	org.l2jmobius.commons.threads.ThreadPool	ThreadPool: Shutting down.
2023.10.25 14:22:03,899	INFO	156	org.l2jmobius.gameserver.Shutdown	Thread Pool Manager: Manager has been shut down(3ms).
2023.10.25 14:22:03,900	INFO	156	org.l2jmobius.gameserver.Shutdown	Login Server Thread: Thread interruped(0ms).
2023.10.25 14:22:03,900	INFO	156	org.l2jmobius.gameserver.Shutdown	GM shutdown received. Shutting down NOW!
2023.10.25 14:22:10,938	SEVERE	1	org.l2jmobius.commons.database.DatabaseFactory	DatabaseFactory: Could not get a connection. java.sql.SQLSyntaxErrorException: No connection available within the specified time (option 'connectTimeout': 10 000 ms)
2023.10.25 14:22:13,926	SEVERE	156	org.l2jmobius.commons.database.DatabaseFactory	DatabaseFactory: Could not get a connection. java.sql.SQLSyntaxErrorException: No connection available within the specified time (option 'connectTimeout': 10 000 ms)
2023.10.25 14:22:20,941	SEVERE	1	org.l2jmobius.commons.database.DatabaseFactory	DatabaseFactory: Could not get a connection. java.sql.SQLSyntaxErrorException: No connection available within the specified time (option 'connectTimeout': 10 000 ms)
2023.10.25 14:22:23,927	SEVERE	156	org.l2jmobius.commons.database.DatabaseFactory	DatabaseFactory: Could not get a connection. java.sql.SQLSyntaxErrorException: No connection available within the specified time (option 'connectTimeout': 10 000 ms)
2023.10.25 14:22:30,948	SEVERE	1	org.l2jmobius.commons.database.DatabaseFactory	DatabaseFactory: Could not get a connection. java.sql.SQLSyntaxErrorException: No connection available within the specified time (option 'connectTimeout': 10 000 ms)
2023.10.25 14:22:33,929	SEVERE	156	org.l2jmobius.commons.database.DatabaseFactory	DatabaseFactory: Could not get a connection. java.sql.SQLSyntaxErrorException: No connection available within the specified time (option 'connectTimeout': 10 000 ms)
2023.10.25 14:22:40,950	SEVERE	1	org.l2jmobius.commons.database.DatabaseFactory	DatabaseFactory: Could not get a connection. java.sql.SQLSyntaxErrorException: No connection available within the specified time (option 'connectTimeout': 10 000 ms)
2023.10.25 14:22:43,930	SEVERE	156	org.l2jmobius.commons.database.DatabaseFactory	DatabaseFactory: Could not get a connection. java.sql.SQLSyntaxErrorException: No connection available within the specified time (option 'connectTimeout': 10 000 ms)
2023.10.25 14:22:48,802	WARNING	35	org.l2jmobius.gameserver.Shutdown	Server scheduled restart issued shutdown command. Shutdown in 1 seconds!
2023.10.25 14:22:50,954	SEVERE	1	org.l2jmobius.commons.database.DatabaseFactory	DatabaseFactory: Could not get a connection. java.sql.SQLSyntaxErrorException: No connection available within the specified time (option 'connectTimeout': 10 000 ms)
2023.10.25 14:22:53,279	WARNING	35	org.l2jmobius.gameserver.Shutdown	Server scheduled restart issued shutdown command. Shutdown in 1 seconds!
2023.10.25 14:22:53,932	SEVERE	156	org.l2jmobius.commons.database.DatabaseFactory	DatabaseFactory: Could not get a connection. java.sql.SQLSyntaxErrorException: No connection available within the specified time (option 'connectTimeout': 10 000 ms)
